17 Mar 2016, 08:43:12 INFO [CustomProperties.java:init():80] - Property file gg-pmo.properties is successfully loaded into singleton object
17 Mar 2016, 08:43:12 INFO [CustomProperties.java:init():80] - Property file gg-int.properties is successfully loaded into singleton object
17 Mar 2016, 08:44:19 INFO [CustomProperties.java:init():80] - Property file gg-pmo.properties is successfully loaded into singleton object
17 Mar 2016, 08:44:19 INFO [CustomProperties.java:init():80] - Property file gg-int.properties is successfully loaded into singleton object
17 Mar 2016, 08:45:02 INFO [CustomProperties.java:init():80] - Property file gg-pmo.properties is successfully loaded into singleton object
17 Mar 2016, 08:45:02 INFO [CustomProperties.java:init():80] - Property file gg-int.properties is successfully loaded into singleton object
17 Mar 2016, 08:45:48 INFO [CustomProperties.java:init():80] - Property file gg-pmo.properties is successfully loaded into singleton object
17 Mar 2016, 08:45:48 INFO [CustomProperties.java:init():80] - Property file gg-int.properties is successfully loaded into singleton object
17 Mar 2016, 08:46:22 INFO [CustomProperties.java:init():80] - Property file gg-pmo.properties is successfully loaded into singleton object
17 Mar 2016, 08:46:22 INFO [CustomProperties.java:init():80] - Property file gg-int.properties is successfully loaded into singleton object
17 Mar 2016, 08:47:12 INFO [CustomProperties.java:init():80] - Property file gg-pmo.properties is successfully loaded into singleton object
17 Mar 2016, 08:47:12 INFO [CustomProperties.java:init():80] - Property file gg-int.properties is successfully loaded into singleton object
17 Mar 2016, 08:47:12 WARN [JavaUtils.java:isAttachmentSupported():1308] - Unable to find required classes (javax.activation.DataHandler and javax.mail.internet.MimeMultipart). Attachment support is disabled.
17 Mar 2016, 08:47:13 INFO [ForceSessionManager.java:login():135] - ForceSessionManager login successful for gg.pmo; User: shah@force.pmo; SessionId: 00DG0000000kMVy!ARUAQBnfTex.wPfCBRzCC3cxyqDtINRoM7DHSK9sQ6NWzJ0bnTXN8q1z9OVLeOXagzomj3CkvqvshZaOm9h5LjQKWNLFwNu6
17 Mar 2016, 08:47:14 INFO [ForceService.java:queryCount():201] - record count: 1
17 Mar 2016, 08:48:23 INFO [CustomProperties.java:init():80] - Property file gg-pmo.properties is successfully loaded into singleton object
17 Mar 2016, 08:48:23 INFO [CustomProperties.java:init():80] - Property file gg-int.properties is successfully loaded into singleton object
17 Mar 2016, 08:48:23 WARN [JavaUtils.java:isAttachmentSupported():1308] - Unable to find required classes (javax.activation.DataHandler and javax.mail.internet.MimeMultipart). Attachment support is disabled.
17 Mar 2016, 08:48:25 INFO [ForceSessionManager.java:login():135] - ForceSessionManager login successful for gg.pmo; User: shah@force.pmo; SessionId: 00DG0000000kMVy!ARUAQBnfTex.wPfCBRzCC3cxyqDtINRoM7DHSK9sQ6NWzJ0bnTXN8q1z9OVLeOXagzomj3CkvqvshZaOm9h5LjQKWNLFwNu6
17 Mar 2016, 08:48:25 INFO [ForceService.java:queryCount():201] - record count: 1
17 Mar 2016, 08:48:25 INFO [TestSF.java:main():32] - count: 1
17 Mar 2016, 08:49:50 INFO [CustomProperties.java:init():80] - Property file gg-pmo.properties is successfully loaded into singleton object
17 Mar 2016, 08:49:50 INFO [CustomProperties.java:init():80] - Property file gg-int.properties is successfully loaded into singleton object
17 Mar 2016, 08:49:50 WARN [JavaUtils.java:isAttachmentSupported():1308] - Unable to find required classes (javax.activation.DataHandler and javax.mail.internet.MimeMultipart). Attachment support is disabled.
17 Mar 2016, 08:49:51 INFO [ForceSessionManager.java:login():135] - ForceSessionManager login successful for gg.pmo; User: shah@force.pmo; SessionId: 00DG0000000kMVy!ARUAQBnfTex.wPfCBRzCC3cxyqDtINRoM7DHSK9sQ6NWzJ0bnTXN8q1z9OVLeOXagzomj3CkvqvshZaOm9h5LjQKWNLFwNu6
17 Mar 2016, 08:49:51 INFO [ForceService.java:queryCount():201] - record count: 1
17 Mar 2016, 08:49:51 INFO [TestSF.java:main():25] - count: 1
17 Mar 2016, 08:53:02 INFO [CustomProperties.java:init():80] - Property file gg-pmo.properties is successfully loaded into singleton object
17 Mar 2016, 08:53:02 INFO [CustomProperties.java:init():80] - Property file gg-int.properties is successfully loaded into singleton object
17 Mar 2016, 08:53:02 WARN [JavaUtils.java:isAttachmentSupported():1308] - Unable to find required classes (javax.activation.DataHandler and javax.mail.internet.MimeMultipart). Attachment support is disabled.
17 Mar 2016, 08:53:04 INFO [ForceSessionManager.java:login():135] - ForceSessionManager login successful for gg.pmo; User: shah@force.pmo; SessionId: 00DG0000000kMVy!ARUAQBnfTex.wPfCBRzCC3cxyqDtINRoM7DHSK9sQ6NWzJ0bnTXN8q1z9OVLeOXagzomj3CkvqvshZaOm9h5LjQKWNLFwNu6
17 Mar 2016, 08:53:04 INFO [ForceService.java:queryCount():201] - record count: 1
17 Mar 2016, 08:53:04 INFO [TestSF.java:main():16] - count: 1
17 Mar 2016, 08:53:04 INFO [ForceSessionManager.java:login():135] - ForceSessionManager login successful for salesforce; User: pankaj.hingane@business.org1; SessionId: 00D36000000Jiir!AQIAQF0V1CEGO13dcu1AA.jnSzJc00vMUBzrH8_oIZi_eIQfhYuescjExR_ERmaWAZYhiYqJi4ultGgDhR5j8V6B2h0AeZNI
17 Mar 2016, 08:53:05 INFO [ForceService.java:queryCount():201] - record count: 21
17 Mar 2016, 10:43:37 ERROR [PropertyManager.java:readPropertyFile():87] - java.io.FileNotFoundException: config.properties (The system cannot find the file specified)
17 Mar 2016, 10:43:37 INFO [PropertyManager.java:main():100] - 
17 Mar 2016, 10:49:09 INFO [PropertyManager.java:main():84] - 
17 Mar 2016, 10:49:22 INFO [PropertyManager.java:main():84] - abc
17 Mar 2016, 10:52:49 INFO [PropertyManager.java:main():65] - abc
17 Mar 2016, 10:54:45 INFO [PropertyManager.java:main():69] - abc
17 Mar 2016, 10:54:54 INFO [PropertyManager.java:main():69] - abc
17 Mar 2016, 10:56:27 INFO [PropertyManager.java:main():68] - abc
17 Mar 2016, 10:56:35 INFO [PropertyManager.java:main():68] - abc
17 Mar 2016, 10:58:22 INFO [PropertyManager.java:main():69] - abc
17 Mar 2016, 10:58:22 INFO [PropertyManager.java:main():72] - C:\_Projects\Java\EveryDayUtils
17 Mar 2016, 10:59:00 INFO [PropertyManager.java:main():95] - abc
17 Mar 2016, 10:59:00 INFO [PropertyManager.java:main():98] - C:\_Projects\Java\EveryDayUtils
17 Mar 2016, 10:59:40 INFO [PropertyManager.java:main():94] - abc
17 Mar 2016, 10:59:40 INFO [PropertyManager.java:main():97] - C:\_Projects\Salesforce\REI\REI Internal\Projects\GovGrants\Source Code\SFCustomCheckInToolFX\bin
17 Mar 2016, 11:02:03 INFO [PropertyManager.java:main():92] - abc
17 Mar 2016, 11:02:43 INFO [PropertyManager.java:main():92] - abc
17 Mar 2016, 11:03:13 INFO [PropertyManager.java:main():92] - abc
17 Mar 2016, 15:46:43 WARN [JavaUtils.java:isAttachmentSupported():1308] - Unable to find required classes (javax.activation.DataHandler and javax.mail.internet.MimeMultipart). Attachment support is disabled.
17 Mar 2016, 15:46:47 INFO [ForceSessionManager.java:login():135] - ForceSessionManager login successful for salesforce; User: shah@force.pmo; SessionId: 00DG0000000kMVy!ARUAQBnfTex.wPfCBRzCC3cxyqDtINRoM7DHSK9sQ6NWzJ0bnTXN8q1z9OVLeOXagzomj3CkvqvshZaOm9h5LjQKWNLFwNu6
17 Mar 2016, 15:46:47 INFO [ForceService.java:queryIt():220] - SOQL: Select Id, Name from Project__c where Active__c=true
17 Mar 2016, 15:46:48 INFO [ForceService.java:queryIt():223] - Total records found: 2
17 Mar 2016, 15:46:48 ERROR [ForceUtils.java:getAllFields():214] - java.lang.ClassNotFoundException: com.ld.vo.ChangeSetVO
17 Mar 2016, 15:46:48 WARN [ForceService.java:query():81] - SQL failed: Select Id, Name from Project__c where Active__c=true

: Exception ID: 0317154648124$-100951249

Exception Message: 
java.lang.ClassNotFoundException: com.ld.vo.ChangeSetVO

Cause: 
java.lang.ClassNotFoundException: com.ld.vo.ChangeSetVO

Stack Trace: 
com.force.service.ForceUtils.getAllFields(ForceUtils.java:215)
com.force.service.Mapper.getFieldsMap(Mapper.java:100)
com.force.service.Mapper.processMapElement(Mapper.java:92)
com.force.service.Mapper.initMapper(Mapper.java:73)
com.force.service.Mapper.<init>(Mapper.java:39)
com.force.service.Mapper.getInstance(Mapper.java:32)
com.force.service.RecordParser.parseRecord(RecordParser.java:73)
com.force.service.RecordParser.parseRecords(RecordParser.java:41)
com.force.service.ForceService.queryIt(ForceService.java:229)
com.force.service.ForceService.queryHelper(ForceService.java:99)
com.force.service.ForceService.query(ForceService.java:77)
com.force.service.ForceBean.query(ForceBean.java:107)
com.force.service.ForceBean.query(ForceBean.java:96)
com.force.service.ForceDelegate.queryMultiple(ForceDelegate.java:70)
com.customcheckin.service.salesforce.SalesforcePMOConnection.getActiveProjects(SalesforcePMOConnection.java:44)
com.customcheckin.service.salesforce.SalesforcePMOConnection.main(SalesforcePMOConnection.java:88)
17 Mar 2016, 15:46:48 INFO [ForceService.java:query():82] - will make another attempt in few seconds...
17 Mar 2016, 15:46:48 INFO [GenericUtils.java:wait():69] - ForceService: currently waiting, next run time Thu Mar 17 15:46:55 EDT 2016 (total wait: 7 seconds [0 mins])
17 Mar 2016, 15:48:31 WARN [JavaUtils.java:isAttachmentSupported():1308] - Unable to find required classes (javax.activation.DataHandler and javax.mail.internet.MimeMultipart). Attachment support is disabled.
17 Mar 2016, 15:48:32 INFO [ForceSessionManager.java:login():135] - ForceSessionManager login successful for salesforce; User: shah@force.pmo; SessionId: 00DG0000000kMVy!ARUAQBnfTex.wPfCBRzCC3cxyqDtINRoM7DHSK9sQ6NWzJ0bnTXN8q1z9OVLeOXagzomj3CkvqvshZaOm9h5LjQKWNLFwNu6
17 Mar 2016, 15:48:32 INFO [ForceService.java:queryIt():220] - SOQL: Select Id, Name from Project__c where Active__c=true
17 Mar 2016, 15:48:32 INFO [ForceService.java:queryIt():223] - Total records found: 2
17 Mar 2016, 15:48:32 INFO [ForceService.java:queryHelper():103] - total records retrieved: 2 (Select Id, Name from Project__c where Active__c=true)
18 Mar 2016, 07:03:14 WARN [JavaUtils.java:isAttachmentSupported():1308] - Unable to find required classes (javax.activation.DataHandler and javax.mail.internet.MimeMultipart). Attachment support is disabled.
18 Mar 2016, 07:03:17 INFO [ForceSessionManager.java:login():135] - ForceSessionManager login successful for salesforce; User: shah@force.pmo; SessionId: 00DG0000000kMVy!ARUAQLIgPZ7zlMPCdKLae.HibJFAHk1oObinI7dYuT8ZuuE6MLB_mgdiV7sM8UHmg.wfE0W1.4Raj1kTDsU61E.1h2zUkIh1
18 Mar 2016, 07:03:17 INFO [ForceService.java:queryIt():220] - SOQL: Select Id, Name from Project__c where Active__c=true and EnableCustomCheckIn__c=true
18 Mar 2016, 07:03:17 INFO [ForceService.java:queryIt():223] - Total records found: 1
18 Mar 2016, 07:03:17 INFO [ForceService.java:queryHelper():103] - total records retrieved: 1 (Select Id, Name from Project__c where Active__c=true and EnableCustomCheckIn__c=true)
18 Mar 2016, 07:03:17 INFO [ForceService.java:queryIt():220] - SOQL: Select Id, Firstname, Lastname, Username, CurrentProjectId__c from User where Username='shah@force.pmo'
18 Mar 2016, 07:03:17 INFO [ForceService.java:queryIt():223] - Total records found: 1
18 Mar 2016, 07:03:17 INFO [ForceService.java:queryHelper():103] - total records retrieved: 1 (Select Id, Firstname, Lastname, Username, CurrentProjectId__c from User where Username='shah@force.pmo')
18 Mar 2016, 07:04:01 WARN [JavaUtils.java:isAttachmentSupported():1308] - Unable to find required classes (javax.activation.DataHandler and javax.mail.internet.MimeMultipart). Attachment support is disabled.
18 Mar 2016, 07:04:03 INFO [ForceSessionManager.java:login():135] - ForceSessionManager login successful for salesforce; User: shah@force.pmo; SessionId: 00DG0000000kMVy!ARUAQLIgPZ7zlMPCdKLae.HibJFAHk1oObinI7dYuT8ZuuE6MLB_mgdiV7sM8UHmg.wfE0W1.4Raj1kTDsU61E.1h2zUkIh1
18 Mar 2016, 07:04:03 INFO [ForceService.java:queryIt():220] - SOQL: Select Id, Name from Project__c where Active__c=true and EnableCustomCheckIn__c=true
18 Mar 2016, 07:04:03 INFO [ForceService.java:queryIt():223] - Total records found: 1
18 Mar 2016, 07:04:03 INFO [ForceService.java:queryHelper():103] - total records retrieved: 1 (Select Id, Name from Project__c where Active__c=true and EnableCustomCheckIn__c=true)
18 Mar 2016, 07:04:21 INFO [ForceService.java:queryIt():220] - SOQL: Select Id, Firstname, Lastname, Username, CurrentProjectId__c from User where Username='shah@force.pmo'
18 Mar 2016, 07:04:21 INFO [ForceService.java:queryIt():223] - Total records found: 1
18 Mar 2016, 07:04:21 INFO [ForceService.java:queryHelper():103] - total records retrieved: 1 (Select Id, Firstname, Lastname, Username, CurrentProjectId__c from User where Username='shah@force.pmo')
18 Mar 2016, 07:05:52 WARN [JavaUtils.java:isAttachmentSupported():1308] - Unable to find required classes (javax.activation.DataHandler and javax.mail.internet.MimeMultipart). Attachment support is disabled.
18 Mar 2016, 07:05:54 INFO [ForceSessionManager.java:login():135] - ForceSessionManager login successful for salesforce; User: shah@force.pmo; SessionId: 00DG0000000kMVy!ARUAQLIgPZ7zlMPCdKLae.HibJFAHk1oObinI7dYuT8ZuuE6MLB_mgdiV7sM8UHmg.wfE0W1.4Raj1kTDsU61E.1h2zUkIh1
18 Mar 2016, 07:05:54 INFO [ForceService.java:queryIt():220] - SOQL: Select Id, Name from Project__c where Active__c=true and EnableCustomCheckIn__c=true
18 Mar 2016, 07:05:54 INFO [ForceService.java:queryIt():223] - Total records found: 1
18 Mar 2016, 07:05:54 INFO [ForceService.java:queryHelper():103] - total records retrieved: 1 (Select Id, Name from Project__c where Active__c=true and EnableCustomCheckIn__c=true)
18 Mar 2016, 07:06:18 WARN [JavaUtils.java:isAttachmentSupported():1308] - Unable to find required classes (javax.activation.DataHandler and javax.mail.internet.MimeMultipart). Attachment support is disabled.
18 Mar 2016, 07:06:19 INFO [ForceSessionManager.java:login():135] - ForceSessionManager login successful for salesforce; User: shah@force.pmo; SessionId: 00DG0000000kMVy!ARUAQLIgPZ7zlMPCdKLae.HibJFAHk1oObinI7dYuT8ZuuE6MLB_mgdiV7sM8UHmg.wfE0W1.4Raj1kTDsU61E.1h2zUkIh1
18 Mar 2016, 07:06:19 INFO [ForceService.java:queryIt():220] - SOQL: Select Id, Name from Project__c where Active__c=true and EnableCustomCheckIn__c=true
18 Mar 2016, 07:06:19 INFO [ForceService.java:queryIt():223] - Total records found: 1
18 Mar 2016, 07:06:19 INFO [ForceService.java:queryHelper():103] - total records retrieved: 1 (Select Id, Name from Project__c where Active__c=true and EnableCustomCheckIn__c=true)
18 Mar 2016, 07:06:19 INFO [ForceService.java:queryIt():220] - SOQL: Select Id, Firstname, Lastname, Username, CurrentProjectId__c from User where Username='shah@force.pmo'
18 Mar 2016, 07:06:20 INFO [ForceService.java:queryIt():223] - Total records found: 1
18 Mar 2016, 07:06:20 INFO [ForceService.java:queryHelper():103] - total records retrieved: 1 (Select Id, Firstname, Lastname, Username, CurrentProjectId__c from User where Username='shah@force.pmo')
18 Mar 2016, 07:06:20 INFO [ForceBean.java:update():257] - trying to update 1 record out of 1 using sql alias: update.user.current.project
18 Mar 2016, 07:06:20 INFO [ForceBean.java:checkErrors():824] - all 1 records success. operation=update
18 Mar 2016, 07:06:20 INFO [ForceService.java:queryIt():220] - SOQL: Select Id, Name from Project__c where Id='a0AG000000gxW1P'
18 Mar 2016, 07:06:20 INFO [ForceService.java:queryIt():223] - Total records found: 1
18 Mar 2016, 07:06:20 INFO [ForceService.java:queryHelper():103] - total records retrieved: 1 (Select Id, Name from Project__c where Id='a0AG000000gxW1P')
18 Mar 2016, 07:06:20 INFO [ForceService.java:queryIt():220] - SOQL: Select Name, Password__c from EnvironmentUser__c where Environment__r.Type__c='Salesforce DEV' and Environment__r.Project__c='a0AG000000gxW1PMAU' and PMOUser__c='005G0000003kp6VIAQ' and Environment__r.Active__c=true
18 Mar 2016, 07:06:20 INFO [ForceService.java:queryIt():223] - Total records found: 0
18 Mar 2016, 07:06:20 INFO [ForceService.java:queryHelper():103] - total records retrieved: 0 (Select Name, Password__c from EnvironmentUser__c where Environment__r.Type__c='Salesforce DEV' and Environment__r.Project__c='a0AG000000gxW1PMAU' and PMOUser__c='005G0000003kp6VIAQ' and Environment__r.Active__c=true)
18 Mar 2016, 07:06:20 INFO [ForceService.java:queryIt():220] - SOQL: Select Id from Environment__c where Project__c='a0AG000000gxW1PMAU' and Type__c='Salesforce DEV' and Active__c=true
18 Mar 2016, 07:06:20 INFO [ForceService.java:queryIt():223] - Total records found: 1
18 Mar 2016, 07:06:20 INFO [ForceService.java:queryHelper():103] - total records retrieved: 1 (Select Id from Environment__c where Project__c='a0AG000000gxW1PMAU' and Type__c='Salesforce DEV' and Active__c=true)
18 Mar 2016, 07:06:20 INFO [ForceBean.java:create():205] - trying to create 1 record out of 1 using sql alias: create.environment.user
18 Mar 2016, 07:06:20 INFO [ForceBean.java:checkErrors():824] - all 1 records success. operation=insert
18 Mar 2016, 07:06:41 WARN [JavaUtils.java:isAttachmentSupported():1308] - Unable to find required classes (javax.activation.DataHandler and javax.mail.internet.MimeMultipart). Attachment support is disabled.
18 Mar 2016, 07:06:43 INFO [ForceSessionManager.java:login():135] - ForceSessionManager login successful for salesforce; User: shah@force.pmo; SessionId: 00DG0000000kMVy!ARUAQLIgPZ7zlMPCdKLae.HibJFAHk1oObinI7dYuT8ZuuE6MLB_mgdiV7sM8UHmg.wfE0W1.4Raj1kTDsU61E.1h2zUkIh1
18 Mar 2016, 07:06:43 INFO [ForceService.java:queryIt():220] - SOQL: Select Id, Name from Project__c where Active__c=true and EnableCustomCheckIn__c=true
18 Mar 2016, 07:06:43 INFO [ForceService.java:queryIt():223] - Total records found: 1
18 Mar 2016, 07:06:43 INFO [ForceService.java:queryHelper():103] - total records retrieved: 1 (Select Id, Name from Project__c where Active__c=true and EnableCustomCheckIn__c=true)
18 Mar 2016, 07:06:43 INFO [ForceService.java:queryIt():220] - SOQL: Select Id, Firstname, Lastname, Username, CurrentProjectId__c from User where Username='shah@force.pmo'
18 Mar 2016, 07:06:43 INFO [ForceService.java:queryIt():223] - Total records found: 1
18 Mar 2016, 07:06:43 INFO [ForceService.java:queryHelper():103] - total records retrieved: 1 (Select Id, Firstname, Lastname, Username, CurrentProjectId__c from User where Username='shah@force.pmo')
18 Mar 2016, 07:06:43 INFO [ForceBean.java:update():257] - trying to update 1 record out of 1 using sql alias: update.user.current.project
18 Mar 2016, 07:06:43 INFO [ForceBean.java:checkErrors():824] - all 1 records success. operation=update
18 Mar 2016, 07:06:43 INFO [ForceService.java:queryIt():220] - SOQL: Select Id, Name from Project__c where Id='a0AG000000gxW1P'
18 Mar 2016, 07:06:43 INFO [ForceService.java:queryIt():223] - Total records found: 1
18 Mar 2016, 07:06:43 INFO [ForceService.java:queryHelper():103] - total records retrieved: 1 (Select Id, Name from Project__c where Id='a0AG000000gxW1P')
18 Mar 2016, 07:06:43 INFO [ForceService.java:queryIt():220] - SOQL: Select Name, Password__c from EnvironmentUser__c where Environment__r.Type__c='Salesforce DEV' and Environment__r.Project__c='a0AG000000gxW1PMAU' and PMOUser__c='005G0000003kp6VIAQ' and Environment__r.Active__c=true
18 Mar 2016, 07:06:43 INFO [ForceService.java:queryIt():223] - Total records found: 1
18 Mar 2016, 07:06:43 INFO [ForceService.java:queryHelper():103] - total records retrieved: 1 (Select Name, Password__c from EnvironmentUser__c where Environment__r.Type__c='Salesforce DEV' and Environment__r.Project__c='a0AG000000gxW1PMAU' and PMOUser__c='005G0000003kp6VIAQ' and Environment__r.Active__c=true)
18 Mar 2016, 07:06:43 INFO [ForceBean.java:update():257] - trying to update 1 record out of 1 using sql alias: update.environment.user
18 Mar 2016, 07:06:43 INFO [ForceBean.java:checkErrors():821] - 1 out of 1 records failed. operation=update
18 Mar 2016, 07:06:43 INFO [ForceBean.java:throwException():883] - Grand errors count: 1
18 Mar 2016, 07:07:25 WARN [JavaUtils.java:isAttachmentSupported():1308] - Unable to find required classes (javax.activation.DataHandler and javax.mail.internet.MimeMultipart). Attachment support is disabled.
18 Mar 2016, 07:07:27 INFO [ForceSessionManager.java:login():135] - ForceSessionManager login successful for salesforce; User: shah@force.pmo; SessionId: 00DG0000000kMVy!ARUAQLIgPZ7zlMPCdKLae.HibJFAHk1oObinI7dYuT8ZuuE6MLB_mgdiV7sM8UHmg.wfE0W1.4Raj1kTDsU61E.1h2zUkIh1
18 Mar 2016, 07:07:27 INFO [ForceService.java:queryIt():220] - SOQL: Select Id, Name from Project__c where Active__c=true and EnableCustomCheckIn__c=true
18 Mar 2016, 07:07:27 INFO [ForceService.java:queryIt():223] - Total records found: 1
18 Mar 2016, 07:07:27 INFO [ForceService.java:queryHelper():103] - total records retrieved: 1 (Select Id, Name from Project__c where Active__c=true and EnableCustomCheckIn__c=true)
18 Mar 2016, 07:07:27 INFO [ForceService.java:queryIt():220] - SOQL: Select Id, Firstname, Lastname, Username, CurrentProjectId__c from User where Username='shah@force.pmo'
18 Mar 2016, 07:07:27 INFO [ForceService.java:queryIt():223] - Total records found: 1
18 Mar 2016, 07:07:27 INFO [ForceService.java:queryHelper():103] - total records retrieved: 1 (Select Id, Firstname, Lastname, Username, CurrentProjectId__c from User where Username='shah@force.pmo')
18 Mar 2016, 07:07:27 INFO [ForceBean.java:update():257] - trying to update 1 record out of 1 using sql alias: update.user.current.project
18 Mar 2016, 07:07:27 INFO [ForceBean.java:checkErrors():824] - all 1 records success. operation=update
18 Mar 2016, 07:07:27 INFO [ForceService.java:queryIt():220] - SOQL: Select Id, Name from Project__c where Id='a0AG000000gxW1P'
18 Mar 2016, 07:07:27 INFO [ForceService.java:queryIt():223] - Total records found: 1
18 Mar 2016, 07:07:27 INFO [ForceService.java:queryHelper():103] - total records retrieved: 1 (Select Id, Name from Project__c where Id='a0AG000000gxW1P')
18 Mar 2016, 07:07:27 INFO [ForceService.java:queryIt():220] - SOQL: Select Id, Name, Password__c from EnvironmentUser__c where Environment__r.Type__c='Salesforce DEV' and Environment__r.Project__c='a0AG000000gxW1PMAU' and PMOUser__c='005G0000003kp6VIAQ' and Environment__r.Active__c=true
18 Mar 2016, 07:07:27 INFO [ForceService.java:queryIt():223] - Total records found: 1
18 Mar 2016, 07:07:27 INFO [ForceService.java:queryHelper():103] - total records retrieved: 1 (Select Id, Name, Password__c from EnvironmentUser__c where Environment__r.Type__c='Salesforce DEV' and Environment__r.Project__c='a0AG000000gxW1PMAU' and PMOUser__c='005G0000003kp6VIAQ' and Environment__r.Active__c=true)
18 Mar 2016, 07:07:27 INFO [ForceBean.java:update():257] - trying to update 1 record out of 1 using sql alias: update.environment.user
18 Mar 2016, 07:07:27 INFO [ForceBean.java:checkErrors():824] - all 1 records success. operation=update
18 Mar 2016, 07:07:59 WARN [JavaUtils.java:isAttachmentSupported():1308] - Unable to find required classes (javax.activation.DataHandler and javax.mail.internet.MimeMultipart). Attachment support is disabled.
18 Mar 2016, 07:08:00 INFO [ForceSessionManager.java:login():135] - ForceSessionManager login successful for salesforce; User: shah@force.pmo; SessionId: 00DG0000000kMVy!ARUAQLIgPZ7zlMPCdKLae.HibJFAHk1oObinI7dYuT8ZuuE6MLB_mgdiV7sM8UHmg.wfE0W1.4Raj1kTDsU61E.1h2zUkIh1
18 Mar 2016, 07:08:00 INFO [ForceService.java:queryIt():220] - SOQL: Select Id, Name from Project__c where Active__c=true and EnableCustomCheckIn__c=true
18 Mar 2016, 07:08:00 INFO [ForceService.java:queryIt():223] - Total records found: 1
18 Mar 2016, 07:08:00 INFO [ForceService.java:queryHelper():103] - total records retrieved: 1 (Select Id, Name from Project__c where Active__c=true and EnableCustomCheckIn__c=true)
18 Mar 2016, 07:08:00 INFO [ForceService.java:queryIt():220] - SOQL: Select Id, Firstname, Lastname, Username, CurrentProjectId__c from User where Username='shah@force.pmo'
18 Mar 2016, 07:08:00 INFO [ForceService.java:queryIt():223] - Total records found: 1
18 Mar 2016, 07:08:00 INFO [ForceService.java:queryHelper():103] - total records retrieved: 1 (Select Id, Firstname, Lastname, Username, CurrentProjectId__c from User where Username='shah@force.pmo')
18 Mar 2016, 07:08:00 INFO [ForceBean.java:update():257] - trying to update 1 record out of 1 using sql alias: update.user.current.project
18 Mar 2016, 07:08:01 INFO [ForceBean.java:checkErrors():824] - all 1 records success. operation=update
18 Mar 2016, 07:08:01 INFO [ForceService.java:queryIt():220] - SOQL: Select Id, Name from Project__c where Id='a0AG000000gxW1P'
18 Mar 2016, 07:08:01 INFO [ForceService.java:queryIt():223] - Total records found: 1
18 Mar 2016, 07:08:01 INFO [ForceService.java:queryHelper():103] - total records retrieved: 1 (Select Id, Name from Project__c where Id='a0AG000000gxW1P')
18 Mar 2016, 07:08:01 INFO [ForceService.java:queryIt():220] - SOQL: Select Id, Name, Password__c from EnvironmentUser__c where Environment__r.Type__c='Salesforce DEV' and Environment__r.Project__c='a0AG000000gxW1PMAU' and PMOUser__c='005G0000003kp6VIAQ' and Environment__r.Active__c=true
18 Mar 2016, 07:08:01 INFO [ForceService.java:queryIt():223] - Total records found: 1
18 Mar 2016, 07:08:01 INFO [ForceService.java:queryHelper():103] - total records retrieved: 1 (Select Id, Name, Password__c from EnvironmentUser__c where Environment__r.Type__c='Salesforce DEV' and Environment__r.Project__c='a0AG000000gxW1PMAU' and PMOUser__c='005G0000003kp6VIAQ' and Environment__r.Active__c=true)
18 Mar 2016, 07:08:01 INFO [ForceBean.java:update():257] - trying to update 1 record out of 1 using sql alias: update.environment.user
18 Mar 2016, 07:08:01 INFO [ForceBean.java:checkErrors():824] - all 1 records success. operation=update
18 Mar 2016, 07:08:15 WARN [JavaUtils.java:isAttachmentSupported():1308] - Unable to find required classes (javax.activation.DataHandler and javax.mail.internet.MimeMultipart). Attachment support is disabled.
18 Mar 2016, 07:08:17 INFO [ForceSessionManager.java:login():135] - ForceSessionManager login successful for salesforce; User: shah@force.pmo; SessionId: 00DG0000000kMVy!ARUAQLIgPZ7zlMPCdKLae.HibJFAHk1oObinI7dYuT8ZuuE6MLB_mgdiV7sM8UHmg.wfE0W1.4Raj1kTDsU61E.1h2zUkIh1
18 Mar 2016, 07:08:17 INFO [ForceService.java:queryIt():220] - SOQL: Select Id, Name from Project__c where Active__c=true and EnableCustomCheckIn__c=true
18 Mar 2016, 07:08:17 INFO [ForceService.java:queryIt():223] - Total records found: 1
18 Mar 2016, 07:08:17 INFO [ForceService.java:queryHelper():103] - total records retrieved: 1 (Select Id, Name from Project__c where Active__c=true and EnableCustomCheckIn__c=true)
18 Mar 2016, 07:08:17 INFO [ForceService.java:queryIt():220] - SOQL: Select Id, Firstname, Lastname, Username, CurrentProjectId__c from User where Username='shah@force.pmo'
18 Mar 2016, 07:08:17 INFO [ForceService.java:queryIt():223] - Total records found: 1
18 Mar 2016, 07:08:17 INFO [ForceService.java:queryHelper():103] - total records retrieved: 1 (Select Id, Firstname, Lastname, Username, CurrentProjectId__c from User where Username='shah@force.pmo')
18 Mar 2016, 07:08:17 INFO [ForceBean.java:update():257] - trying to update 1 record out of 1 using sql alias: update.user.current.project
18 Mar 2016, 07:08:17 INFO [ForceBean.java:checkErrors():824] - all 1 records success. operation=update
18 Mar 2016, 07:08:17 INFO [ForceService.java:queryIt():220] - SOQL: Select Id, Name from Project__c where Id='a0AG000000gxW1P'
18 Mar 2016, 07:08:17 INFO [ForceService.java:queryIt():223] - Total records found: 1
18 Mar 2016, 07:08:17 INFO [ForceService.java:queryHelper():103] - total records retrieved: 1 (Select Id, Name from Project__c where Id='a0AG000000gxW1P')
18 Mar 2016, 07:08:17 INFO [ForceService.java:queryIt():220] - SOQL: Select Id, Name, Password__c from EnvironmentUser__c where Environment__r.Type__c='Salesforce DEV' and Environment__r.Project__c='a0AG000000gxW1PMAU' and PMOUser__c='005G0000003kp6VIAQ' and Environment__r.Active__c=true
18 Mar 2016, 07:08:17 INFO [ForceService.java:queryIt():223] - Total records found: 0
18 Mar 2016, 07:08:17 INFO [ForceService.java:queryHelper():103] - total records retrieved: 0 (Select Id, Name, Password__c from EnvironmentUser__c where Environment__r.Type__c='Salesforce DEV' and Environment__r.Project__c='a0AG000000gxW1PMAU' and PMOUser__c='005G0000003kp6VIAQ' and Environment__r.Active__c=true)
18 Mar 2016, 07:08:17 INFO [ForceService.java:queryIt():220] - SOQL: Select Id from Environment__c where Project__c='a0AG000000gxW1PMAU' and Type__c='Salesforce DEV' and Active__c=true
18 Mar 2016, 07:08:18 INFO [ForceService.java:queryIt():223] - Total records found: 1
18 Mar 2016, 07:08:18 INFO [ForceService.java:queryHelper():103] - total records retrieved: 1 (Select Id from Environment__c where Project__c='a0AG000000gxW1PMAU' and Type__c='Salesforce DEV' and Active__c=true)
18 Mar 2016, 07:08:18 INFO [ForceBean.java:create():205] - trying to create 1 record out of 1 using sql alias: create.environment.user
18 Mar 2016, 07:08:18 INFO [ForceBean.java:checkErrors():824] - all 1 records success. operation=insert
18 Mar 2016, 07:08:28 WARN [JavaUtils.java:isAttachmentSupported():1308] - Unable to find required classes (javax.activation.DataHandler and javax.mail.internet.MimeMultipart). Attachment support is disabled.
18 Mar 2016, 07:08:30 INFO [ForceSessionManager.java:login():135] - ForceSessionManager login successful for salesforce; User: shah@force.pmo; SessionId: 00DG0000000kMVy!ARUAQLIgPZ7zlMPCdKLae.HibJFAHk1oObinI7dYuT8ZuuE6MLB_mgdiV7sM8UHmg.wfE0W1.4Raj1kTDsU61E.1h2zUkIh1
18 Mar 2016, 07:08:30 INFO [ForceService.java:queryIt():220] - SOQL: Select Id, Name from Project__c where Active__c=true and EnableCustomCheckIn__c=true
18 Mar 2016, 07:08:30 INFO [ForceService.java:queryIt():223] - Total records found: 1
18 Mar 2016, 07:08:30 INFO [ForceService.java:queryHelper():103] - total records retrieved: 1 (Select Id, Name from Project__c where Active__c=true and EnableCustomCheckIn__c=true)
18 Mar 2016, 07:08:30 INFO [ForceService.java:queryIt():220] - SOQL: Select Id, Firstname, Lastname, Username, CurrentProjectId__c from User where Username='shah@force.pmo'
18 Mar 2016, 07:08:30 INFO [ForceService.java:queryIt():223] - Total records found: 1
18 Mar 2016, 07:08:30 INFO [ForceService.java:queryHelper():103] - total records retrieved: 1 (Select Id, Firstname, Lastname, Username, CurrentProjectId__c from User where Username='shah@force.pmo')
18 Mar 2016, 07:08:30 INFO [ForceBean.java:update():257] - trying to update 1 record out of 1 using sql alias: update.user.current.project
18 Mar 2016, 07:08:31 INFO [ForceBean.java:checkErrors():824] - all 1 records success. operation=update
18 Mar 2016, 07:08:31 INFO [ForceService.java:queryIt():220] - SOQL: Select Id, Name from Project__c where Id='a0AG000000gxW1P'
18 Mar 2016, 07:08:31 INFO [ForceService.java:queryIt():223] - Total records found: 1
18 Mar 2016, 07:08:31 INFO [ForceService.java:queryHelper():103] - total records retrieved: 1 (Select Id, Name from Project__c where Id='a0AG000000gxW1P')
18 Mar 2016, 07:08:31 INFO [ForceService.java:queryIt():220] - SOQL: Select Id, Name, Password__c from EnvironmentUser__c where Environment__r.Type__c='Salesforce DEV' and Environment__r.Project__c='a0AG000000gxW1PMAU' and PMOUser__c='005G0000003kp6VIAQ' and Environment__r.Active__c=true
18 Mar 2016, 07:08:31 INFO [ForceService.java:queryIt():223] - Total records found: 1
18 Mar 2016, 07:08:31 INFO [ForceService.java:queryHelper():103] - total records retrieved: 1 (Select Id, Name, Password__c from EnvironmentUser__c where Environment__r.Type__c='Salesforce DEV' and Environment__r.Project__c='a0AG000000gxW1PMAU' and PMOUser__c='005G0000003kp6VIAQ' and Environment__r.Active__c=true)
18 Mar 2016, 07:08:31 INFO [ForceBean.java:update():257] - trying to update 1 record out of 1 using sql alias: update.environment.user
18 Mar 2016, 07:08:31 INFO [ForceBean.java:checkErrors():824] - all 1 records success. operation=update
18 Mar 2016, 07:10:45 WARN [JavaUtils.java:isAttachmentSupported():1308] - Unable to find required classes (javax.activation.DataHandler and javax.mail.internet.MimeMultipart). Attachment support is disabled.
18 Mar 2016, 07:10:47 INFO [ForceSessionManager.java:login():135] - ForceSessionManager login successful for salesforce; User: shah@force.pmo; SessionId: 00DG0000000kMVy!ARUAQLIgPZ7zlMPCdKLae.HibJFAHk1oObinI7dYuT8ZuuE6MLB_mgdiV7sM8UHmg.wfE0W1.4Raj1kTDsU61E.1h2zUkIh1
18 Mar 2016, 07:10:47 INFO [ForceService.java:queryIt():220] - SOQL: Select Id, Name from Project__c where Active__c=true and EnableCustomCheckIn__c=true
18 Mar 2016, 07:10:47 INFO [ForceService.java:queryIt():223] - Total records found: 1
18 Mar 2016, 07:10:47 INFO [ForceService.java:queryHelper():103] - total records retrieved: 1 (Select Id, Name from Project__c where Active__c=true and EnableCustomCheckIn__c=true)
18 Mar 2016, 07:10:47 INFO [ForceService.java:queryIt():220] - SOQL: Select Id, Firstname, Lastname, Username, CurrentProjectId__c from User where Username='shah@force.pmo'
18 Mar 2016, 07:10:47 INFO [ForceService.java:queryIt():223] - Total records found: 1
18 Mar 2016, 07:10:47 INFO [ForceService.java:queryHelper():103] - total records retrieved: 1 (Select Id, Firstname, Lastname, Username, CurrentProjectId__c from User where Username='shah@force.pmo')
18 Mar 2016, 07:10:47 INFO [ForceBean.java:update():257] - trying to update 1 record out of 1 using sql alias: update.user.current.project
18 Mar 2016, 07:10:47 INFO [ForceBean.java:checkErrors():824] - all 1 records success. operation=update
18 Mar 2016, 07:10:47 INFO [ForceService.java:queryIt():220] - SOQL: Select Id, Name from Project__c where Id='a0AG000000gxW1P'
18 Mar 2016, 07:10:47 INFO [ForceService.java:queryIt():223] - Total records found: 1
18 Mar 2016, 07:10:47 INFO [ForceService.java:queryHelper():103] - total records retrieved: 1 (Select Id, Name from Project__c where Id='a0AG000000gxW1P')
18 Mar 2016, 07:10:47 INFO [ForceService.java:queryIt():220] - SOQL: Select Id, Name, Password__c from EnvironmentUser__c where Environment__r.Type__c='Salesforce DEV' and Environment__r.Project__c='a0AG000000gxW1PMAU' and PMOUser__c='005G0000003kp6VIAQ' and Environment__r.Active__c=true
18 Mar 2016, 07:10:47 INFO [ForceService.java:queryIt():223] - Total records found: 1
18 Mar 2016, 07:10:47 INFO [ForceService.java:queryHelper():103] - total records retrieved: 1 (Select Id, Name, Password__c from EnvironmentUser__c where Environment__r.Type__c='Salesforce DEV' and Environment__r.Project__c='a0AG000000gxW1PMAU' and PMOUser__c='005G0000003kp6VIAQ' and Environment__r.Active__c=true)
18 Mar 2016, 07:10:47 INFO [ForceBean.java:update():257] - trying to update 1 record out of 1 using sql alias: update.environment.user
18 Mar 2016, 07:10:47 INFO [ForceBean.java:checkErrors():824] - all 1 records success. operation=update
18 Mar 2016, 20:59:33 INFO [PropertyManager.java:main():96] - shah@force.pmo
18 Mar 2016, 21:00:25 INFO [PropertyManager.java:main():96] - 
18 Mar 2016, 21:24:06 WARN [JavaUtils.java:isAttachmentSupported():1308] - Unable to find required classes (javax.activation.DataHandler and javax.mail.internet.MimeMultipart). Attachment support is disabled.
18 Mar 2016, 21:24:18 ERROR [ForceSessionManager.java:login():152] - login failed using username: dgfgd, password: jhjh
AxisFault
 faultCode: {http://schemas.xmlsoap.org/soap/envelope/}Server.userException
 faultSubcode: 
 faultString: java.lang.NullPointerException
 faultActor: 
 faultNode: 
 faultDetail: 
	{http://xml.apache.org/axis/}stackTrace:java.lang.NullPointerException
	at org.apache.axis.encoding.ser.EnumDeserializer.makeValue(EnumDeserializer.java:53)
	at org.apache.axis.encoding.ser.SimpleDeserializer.onEndElement(SimpleDeserializer.java:172)
	at org.apache.axis.encoding.DeserializerImpl.endElement(DeserializerImpl.java:502)
	at org.apache.axis.encoding.DeserializationContext.endElement(DeserializationContext.java:1087)
	at com.sun.org.apache.xerces.internal.parsers.AbstractSAXParser.endElement(Unknown Source)
	at com.sun.org.apache.xerces.internal.impl.XMLDocumentFragmentScannerImpl.scanEndElement(Unknown Source)
	at com.sun.org.apache.xerces.internal.impl.XMLDocumentFragmentScannerImpl$FragmentContentDriver.next(Unknown Source)
	at com.sun.org.apache.xerces.internal.impl.XMLDocumentScannerImpl.next(Unknown Source)
	at com.sun.org.apache.xerces.internal.impl.XMLNSDocumentScannerImpl.next(Unknown Source)
	at com.sun.org.apache.xerces.internal.impl.XMLDocumentFragmentScannerImpl.scanDocument(Unknown Source)
	at com.sun.org.apache.xerces.internal.parsers.XML11Configuration.parse(Unknown Source)
	at com.sun.org.apache.xerces.internal.parsers.XML11Configuration.parse(Unknown Source)
	at com.sun.org.apache.xerces.internal.parsers.XMLParser.parse(Unknown Source)
	at com.sun.org.apache.xerces.internal.parsers.AbstractSAXParser.parse(Unknown Source)
	at com.sun.org.apache.xerces.internal.jaxp.SAXParserImpl$JAXPSAXParser.parse(Unknown Source)
	at com.sun.org.apache.xerces.internal.jaxp.SAXParserImpl.parse(Unknown Source)
	at org.apache.axis.encoding.DeserializationContext.parse(DeserializationContext.java:227)
	at org.apache.axis.SOAPPart.getAsSOAPEnvelope(SOAPPart.java:696)
	at org.apache.axis.Message.getSOAPEnvelope(Message.java:435)
	at org.apache.axis.handlers.soap.MustUnderstandChecker.invoke(MustUnderstandChecker.java:62)
	at org.apache.axis.client.AxisClient.invoke(AxisClient.java:206)
	at org.apache.axis.client.Call.invokeEngine(Call.java:2784)
	at org.apache.axis.client.Call.invoke(Call.java:2767)
	at org.apache.axis.client.Call.invoke(Call.java:2443)
	at org.apache.axis.client.Call.invoke(Call.java:2366)
	at org.apache.axis.client.Call.invoke(Call.java:1812)
	at com.sforce.soap.partner.SoapBindingStub.login(SoapBindingStub.java:2336)
	at com.force.service.ForceSessionManager.login(ForceSessionManager.java:134)
	at com.force.service.ForceSessionManager.loginHelper(ForceSessionManager.java:121)
	at com.force.service.ForceSessionManager.login(ForceSessionManager.java:67)
	at com.force.service.ForceService.&lt;init&gt;(ForceService.java:62)
	at com.force.service.ForceBean.&lt;init&gt;(ForceBean.java:75)
	at com.force.service.ForceDelegate.&lt;init&gt;(ForceDelegate.java:38)
	at com.force.service.ForceDelegate.login(ForceDelegate.java:50)
	at com.customcheckin.util.SalesforceConnection.init(SalesforceConnection.java:13)
	at com.customcheckin.service.salesforce.SalesforcePMOConnection.&lt;init&gt;(SalesforcePMOConnection.java:25)
	at com.customcheckin.service.salesforce.SalesforcePMOConnection.getInstance(SalesforcePMOConnection.java:30)
	at com.customcheckin.home.ui.PMOLoginController.handleLogin(PMOLoginController.java:47)
	at sun.reflect.NativeMethodAccessorImpl.invoke0(Native Method)
	at sun.reflect.NativeMethodAccessorImpl.invoke(Unknown Source)
	at sun.reflect.DelegatingMethodAccessorImpl.invoke(Unknown Source)
	at java.lang.reflect.Method.invoke(Unknown Source)
	at sun.reflect.misc.Trampoline.invoke(Unknown Source)
	at sun.reflect.GeneratedMethodAccessor1.invoke(Unknown Source)
	at sun.reflect.DelegatingMethodAccessorImpl.invoke(Unknown Source)
	at java.lang.reflect.Method.invoke(Unknown Source)
	at sun.reflect.misc.MethodUtil.invoke(Unknown Source)
	at javafx.fxml.FXMLLoader$MethodHandler.invoke(Unknown Source)
	at javafx.fxml.FXMLLoader$ControllerMethodEventHandler.handle(Unknown Source)
	at com.sun.javafx.event.CompositeEventHandler.dispatchBubblingEvent(Unknown Source)
	at com.sun.javafx.event.EventHandlerManager.dispatchBubblingEvent(Unknown Source)
	at com.sun.javafx.event.EventHandlerManager.dispatchBubblingEvent(Unknown Source)
	at com.sun.javafx.event.CompositeEventDispatcher.dispatchBubblingEvent(Unknown Source)
	at com.sun.javafx.event.BasicEventDispatcher.dispatchEvent(Unknown Source)
	at com.sun.javafx.event.EventDispatchChainImpl.dispatchEvent(Unknown Source)
	at com.sun.javafx.event.BasicEventDispatcher.dispatchEvent(Unknown Source)
	at com.sun.javafx.event.EventDispatchChainImpl.dispatchEvent(Unknown Source)
	at com.sun.javafx.event.BasicEventDispatcher.dispatchEvent(Unknown Source)
	at com.sun.javafx.event.EventDispatchChainImpl.dispatchEvent(Unknown Source)
	at com.sun.javafx.event.EventUtil.fireEventImpl(Unknown Source)
	at com.sun.javafx.event.EventUtil.fireEvent(Unknown Source)
	at javafx.event.Event.fireEvent(Unknown Source)
	at javafx.scene.Node.fireEvent(Unknown Source)
	at javafx.scene.control.Button.fire(Unknown Source)
	at com.sun.javafx.scene.control.behavior.ButtonBehavior.mouseReleased(Unknown Source)
	at com.sun.javafx.scene.control.skin.BehaviorSkinBase$1.handle(Unknown Source)
	at com.sun.javafx.scene.control.skin.BehaviorSkinBase$1.handle(Unknown Source)
	at com.sun.javafx.event.CompositeEventHandler$NormalEventHandlerRecord.handleBubblingEvent(Unknown Source)
	at com.sun.javafx.event.CompositeEventHandler.dispatchBubblingEvent(Unknown Source)
	at com.sun.javafx.event.EventHandlerManager.dispatchBubblingEvent(Unknown Source)
	at com.sun.javafx.event.EventHandlerManager.dispatchBubblingEvent(Unknown Source)
	at com.sun.javafx.event.CompositeEventDispatcher.dispatchBubblingEvent(Unknown Source)
	at com.sun.javafx.event.BasicEventDispatcher.dispatchEvent(Unknown Source)
	at com.sun.javafx.event.EventDispatchChainImpl.dispatchEvent(Unknown Source)
	at com.sun.javafx.event.BasicEventDispatcher.dispatchEvent(Unknown Source)
	at com.sun.javafx.event.EventDispatchChainImpl.dispatchEvent(Unknown Source)
	at com.sun.javafx.event.BasicEventDispatcher.dispatchEvent(Unknown Source)
	at com.sun.javafx.event.EventDispatchChainImpl.dispatchEvent(Unknown Source)
	at com.sun.javafx.event.EventUtil.fireEventImpl(Unknown Source)
	at com.sun.javafx.event.EventUtil.fireEvent(Unknown Source)
	at javafx.event.Event.fireEvent(Unknown Source)
	at javafx.scene.Scene$MouseHandler.process(Unknown Source)
	at javafx.scene.Scene$MouseHandler.access$1500(Unknown Source)
	at javafx.scene.Scene.impl_processMouseEvent(Unknown Source)
	at javafx.scene.Scene$ScenePeerListener.mouseEvent(Unknown Source)
	at com.sun.javafx.tk.quantum.GlassViewEventHandler$MouseEventNotification.run(Unknown Source)
	at com.sun.javafx.tk.quantum.GlassViewEventHandler$MouseEventNotification.run(Unknown Source)
	at java.security.AccessController.doPrivileged(Native Method)
	at com.sun.javafx.tk.quantum.GlassViewEventHandler.lambda$handleMouseEvent$354(Unknown Source)
	at com.sun.javafx.tk.quantum.QuantumToolkit.runWithoutRenderLock(Unknown Source)
	at com.sun.javafx.tk.quantum.GlassViewEventHandler.handleMouseEvent(Unknown Source)
	at com.sun.glass.ui.View.handleMouseEvent(Unknown Source)
	at com.sun.glass.ui.View.notifyMouse(Unknown Source)
	at com.sun.glass.ui.win.WinApplication._enterNestedEventLoopImpl(Native Method)
	at com.sun.glass.ui.win.WinApplication._enterNestedEventLoop(Unknown Source)
	at com.sun.glass.ui.Application.enterNestedEventLoop(Unknown Source)
	at com.sun.glass.ui.EventLoop.enter(Unknown Source)
	at com.sun.javafx.tk.quantum.QuantumToolkit.enterNestedEventLoop(Unknown Source)
	at javafx.stage.Stage.showAndWait(Unknown Source)
	at com.customcheckin.home.HomePage.showPMOLoginPage(HomePage.java:90)
	at com.customcheckin.home.HomePage.start(HomePage.java:38)
	at com.sun.javafx.application.LauncherImpl.lambda$launchApplication1$162(Unknown Source)
	at com.sun.javafx.application.PlatformImpl.lambda$runAndWait$175(Unknown Source)
	at com.sun.javafx.application.PlatformImpl.lambda$null$173(Unknown Source)
	at java.security.AccessController.doPrivileged(Native Method)
	at com.sun.javafx.application.PlatformImpl.lambda$runLater$174(Unknown Source)
	at com.sun.glass.ui.InvokeLaterDispatcher$Future.run(Unknown Source)
	at com.sun.glass.ui.win.WinApplication._runLoop(Native Method)
	at com.sun.glass.ui.win.WinApplication.lambda$null$148(Unknown Source)
	at java.lang.Thread.run(Unknown Source)

	{http://xml.apache.org/axis/}hostname:admin-PC

java.lang.NullPointerException
	at org.apache.axis.AxisFault.makeFault(AxisFault.java:101)
	at org.apache.axis.SOAPPart.getAsSOAPEnvelope(SOAPPart.java:701)
	at org.apache.axis.Message.getSOAPEnvelope(Message.java:435)
	at org.apache.axis.handlers.soap.MustUnderstandChecker.invoke(MustUnderstandChecker.java:62)
	at org.apache.axis.client.AxisClient.invoke(AxisClient.java:206)
	at org.apache.axis.client.Call.invokeEngine(Call.java:2784)
	at org.apache.axis.client.Call.invoke(Call.java:2767)
	at org.apache.axis.client.Call.invoke(Call.java:2443)
	at org.apache.axis.client.Call.invoke(Call.java:2366)
	at org.apache.axis.client.Call.invoke(Call.java:1812)
	at com.sforce.soap.partner.SoapBindingStub.login(SoapBindingStub.java:2336)
	at com.force.service.ForceSessionManager.login(ForceSessionManager.java:134)
	at com.force.service.ForceSessionManager.loginHelper(ForceSessionManager.java:121)
	at com.force.service.ForceSessionManager.login(ForceSessionManager.java:67)
	at com.force.service.ForceService.<init>(ForceService.java:62)
	at com.force.service.ForceBean.<init>(ForceBean.java:75)
	at com.force.service.ForceDelegate.<init>(ForceDelegate.java:38)
	at com.force.service.ForceDelegate.login(ForceDelegate.java:50)
	at com.customcheckin.util.SalesforceConnection.init(SalesforceConnection.java:13)
	at com.customcheckin.service.salesforce.SalesforcePMOConnection.<init>(SalesforcePMOConnection.java:25)
	at com.customcheckin.service.salesforce.SalesforcePMOConnection.getInstance(SalesforcePMOConnection.java:30)
	at com.customcheckin.home.ui.PMOLoginController.handleLogin(PMOLoginController.java:47)
	at sun.reflect.NativeMethodAccessorImpl.invoke0(Native Method)
	at sun.reflect.NativeMethodAccessorImpl.invoke(Unknown Source)
	at sun.reflect.DelegatingMethodAccessorImpl.invoke(Unknown Source)
	at java.lang.reflect.Method.invoke(Unknown Source)
	at sun.reflect.misc.Trampoline.invoke(Unknown Source)
	at sun.reflect.GeneratedMethodAccessor1.invoke(Unknown Source)
	at sun.reflect.DelegatingMethodAccessorImpl.invoke(Unknown Source)
	at java.lang.reflect.Method.invoke(Unknown Source)
	at sun.reflect.misc.MethodUtil.invoke(Unknown Source)
	at javafx.fxml.FXMLLoader$MethodHandler.invoke(Unknown Source)
	at javafx.fxml.FXMLLoader$ControllerMethodEventHandler.handle(Unknown Source)
	at com.sun.javafx.event.CompositeEventHandler.dispatchBubblingEvent(Unknown Source)
	at com.sun.javafx.event.EventHandlerManager.dispatchBubblingEvent(Unknown Source)
	at com.sun.javafx.event.EventHandlerManager.dispatchBubblingEvent(Unknown Source)
	at com.sun.javafx.event.CompositeEventDispatcher.dispatchBubblingEvent(Unknown Source)
	at com.sun.javafx.event.BasicEventDispatcher.dispatchEvent(Unknown Source)
	at com.sun.javafx.event.EventDispatchChainImpl.dispatchEvent(Unknown Source)
	at com.sun.javafx.event.BasicEventDispatcher.dispatchEvent(Unknown Source)
	at com.sun.javafx.event.EventDispatchChainImpl.dispatchEvent(Unknown Source)
	at com.sun.javafx.event.BasicEventDispatcher.dispatchEvent(Unknown Source)
	at com.sun.javafx.event.EventDispatchChainImpl.dispatchEvent(Unknown Source)
	at com.sun.javafx.event.EventUtil.fireEventImpl(Unknown Source)
	at com.sun.javafx.event.EventUtil.fireEvent(Unknown Source)
	at javafx.event.Event.fireEvent(Unknown Source)
	at javafx.scene.Node.fireEvent(Unknown Source)
	at javafx.scene.control.Button.fire(Unknown Source)
	at com.sun.javafx.scene.control.behavior.ButtonBehavior.mouseReleased(Unknown Source)
	at com.sun.javafx.scene.control.skin.BehaviorSkinBase$1.handle(Unknown Source)
	at com.sun.javafx.scene.control.skin.BehaviorSkinBase$1.handle(Unknown Source)
	at com.sun.javafx.event.CompositeEventHandler$NormalEventHandlerRecord.handleBubblingEvent(Unknown Source)
	at com.sun.javafx.event.CompositeEventHandler.dispatchBubblingEvent(Unknown Source)
	at com.sun.javafx.event.EventHandlerManager.dispatchBubblingEvent(Unknown Source)
	at com.sun.javafx.event.EventHandlerManager.dispatchBubblingEvent(Unknown Source)
	at com.sun.javafx.event.CompositeEventDispatcher.dispatchBubblingEvent(Unknown Source)
	at com.sun.javafx.event.BasicEventDispatcher.dispatchEvent(Unknown Source)
	at com.sun.javafx.event.EventDispatchChainImpl.dispatchEvent(Unknown Source)
	at com.sun.javafx.event.BasicEventDispatcher.dispatchEvent(Unknown Source)
	at com.sun.javafx.event.EventDispatchChainImpl.dispatchEvent(Unknown Source)
	at com.sun.javafx.event.BasicEventDispatcher.dispatchEvent(Unknown Source)
	at com.sun.javafx.event.EventDispatchChainImpl.dispatchEvent(Unknown Source)
	at com.sun.javafx.event.EventUtil.fireEventImpl(Unknown Source)
	at com.sun.javafx.event.EventUtil.fireEvent(Unknown Source)
	at javafx.event.Event.fireEvent(Unknown Source)
	at javafx.scene.Scene$MouseHandler.process(Unknown Source)
	at javafx.scene.Scene$MouseHandler.access$1500(Unknown Source)
	at javafx.scene.Scene.impl_processMouseEvent(Unknown Source)
	at javafx.scene.Scene$ScenePeerListener.mouseEvent(Unknown Source)
	at com.sun.javafx.tk.quantum.GlassViewEventHandler$MouseEventNotification.run(Unknown Source)
	at com.sun.javafx.tk.quantum.GlassViewEventHandler$MouseEventNotification.run(Unknown Source)
	at java.security.AccessController.doPrivileged(Native Method)
	at com.sun.javafx.tk.quantum.GlassViewEventHandler.lambda$handleMouseEvent$354(Unknown Source)
	at com.sun.javafx.tk.quantum.QuantumToolkit.runWithoutRenderLock(Unknown Source)
	at com.sun.javafx.tk.quantum.GlassViewEventHandler.handleMouseEvent(Unknown Source)
	at com.sun.glass.ui.View.handleMouseEvent(Unknown Source)
	at com.sun.glass.ui.View.notifyMouse(Unknown Source)
	at com.sun.glass.ui.win.WinApplication._enterNestedEventLoopImpl(Native Method)
	at com.sun.glass.ui.win.WinApplication._enterNestedEventLoop(Unknown Source)
	at com.sun.glass.ui.Application.enterNestedEventLoop(Unknown Source)
	at com.sun.glass.ui.EventLoop.enter(Unknown Source)
	at com.sun.javafx.tk.quantum.QuantumToolkit.enterNestedEventLoop(Unknown Source)
	at javafx.stage.Stage.showAndWait(Unknown Source)
	at com.customcheckin.home.HomePage.showPMOLoginPage(HomePage.java:90)
	at com.customcheckin.home.HomePage.start(HomePage.java:38)
	at com.sun.javafx.application.LauncherImpl.lambda$launchApplication1$162(Unknown Source)
	at com.sun.javafx.application.PlatformImpl.lambda$runAndWait$175(Unknown Source)
	at com.sun.javafx.application.PlatformImpl.lambda$null$173(Unknown Source)
	at java.security.AccessController.doPrivileged(Native Method)
	at com.sun.javafx.application.PlatformImpl.lambda$runLater$174(Unknown Source)
	at com.sun.glass.ui.InvokeLaterDispatcher$Future.run(Unknown Source)
	at com.sun.glass.ui.win.WinApplication._runLoop(Native Method)
	at com.sun.glass.ui.win.WinApplication.lambda$null$148(Unknown Source)
	at java.lang.Thread.run(Unknown Source)
Caused by: java.lang.NullPointerException
	at org.apache.axis.encoding.ser.EnumDeserializer.makeValue(EnumDeserializer.java:53)
	at org.apache.axis.encoding.ser.SimpleDeserializer.onEndElement(SimpleDeserializer.java:172)
	at org.apache.axis.encoding.DeserializerImpl.endElement(DeserializerImpl.java:502)
	at org.apache.axis.encoding.DeserializationContext.endElement(DeserializationContext.java:1087)
	at com.sun.org.apache.xerces.internal.parsers.AbstractSAXParser.endElement(Unknown Source)
	at com.sun.org.apache.xerces.internal.impl.XMLDocumentFragmentScannerImpl.scanEndElement(Unknown Source)
	at com.sun.org.apache.xerces.internal.impl.XMLDocumentFragmentScannerImpl$FragmentContentDriver.next(Unknown Source)
	at com.sun.org.apache.xerces.internal.impl.XMLDocumentScannerImpl.next(Unknown Source)
	at com.sun.org.apache.xerces.internal.impl.XMLNSDocumentScannerImpl.next(Unknown Source)
	at com.sun.org.apache.xerces.internal.impl.XMLDocumentFragmentScannerImpl.scanDocument(Unknown Source)
	at com.sun.org.apache.xerces.internal.parsers.XML11Configuration.parse(Unknown Source)
	at com.sun.org.apache.xerces.internal.parsers.XML11Configuration.parse(Unknown Source)
	at com.sun.org.apache.xerces.internal.parsers.XMLParser.parse(Unknown Source)
	at com.sun.org.apache.xerces.internal.parsers.AbstractSAXParser.parse(Unknown Source)
	at com.sun.org.apache.xerces.internal.jaxp.SAXParserImpl$JAXPSAXParser.parse(Unknown Source)
	at com.sun.org.apache.xerces.internal.jaxp.SAXParserImpl.parse(Unknown Source)
	at org.apache.axis.encoding.DeserializationContext.parse(DeserializationContext.java:227)
	at org.apache.axis.SOAPPart.getAsSOAPEnvelope(SOAPPart.java:696)
	... 92 more
18 Mar 2016, 21:24:18 INFO [GenericUtils.java:wait():69] - ForceSessionManager: currently waiting, next run time Fri Mar 18 21:24:25 IST 2016 (total wait: 7 seconds [0 mins])
18 Mar 2016, 21:24:30 ERROR [ForceSessionManager.java:login():152] - login failed using username: dgfgd, password: jhjh
AxisFault
 faultCode: {http://schemas.xmlsoap.org/soap/envelope/}Server.userException
 faultSubcode: 
 faultString: java.lang.NullPointerException
 faultActor: 
 faultNode: 
 faultDetail: 
	{http://xml.apache.org/axis/}stackTrace:java.lang.NullPointerException
	at org.apache.axis.encoding.ser.EnumDeserializer.makeValue(EnumDeserializer.java:53)
	at org.apache.axis.encoding.ser.SimpleDeserializer.onEndElement(SimpleDeserializer.java:172)
	at org.apache.axis.encoding.DeserializerImpl.endElement(DeserializerImpl.java:502)
	at org.apache.axis.encoding.DeserializationContext.endElement(DeserializationContext.java:1087)
	at com.sun.org.apache.xerces.internal.parsers.AbstractSAXParser.endElement(Unknown Source)
	at com.sun.org.apache.xerces.internal.impl.XMLDocumentFragmentScannerImpl.scanEndElement(Unknown Source)
	at com.sun.org.apache.xerces.internal.impl.XMLDocumentFragmentScannerImpl$FragmentContentDriver.next(Unknown Source)
	at com.sun.org.apache.xerces.internal.impl.XMLDocumentScannerImpl.next(Unknown Source)
	at com.sun.org.apache.xerces.internal.impl.XMLNSDocumentScannerImpl.next(Unknown Source)
	at com.sun.org.apache.xerces.internal.impl.XMLDocumentFragmentScannerImpl.scanDocument(Unknown Source)
	at com.sun.org.apache.xerces.internal.parsers.XML11Configuration.parse(Unknown Source)
	at com.sun.org.apache.xerces.internal.parsers.XML11Configuration.parse(Unknown Source)
	at com.sun.org.apache.xerces.internal.parsers.XMLParser.parse(Unknown Source)
	at com.sun.org.apache.xerces.internal.parsers.AbstractSAXParser.parse(Unknown Source)
	at com.sun.org.apache.xerces.internal.jaxp.SAXParserImpl$JAXPSAXParser.parse(Unknown Source)
	at com.sun.org.apache.xerces.internal.jaxp.SAXParserImpl.parse(Unknown Source)
	at org.apache.axis.encoding.DeserializationContext.parse(DeserializationContext.java:227)
	at org.apache.axis.SOAPPart.getAsSOAPEnvelope(SOAPPart.java:696)
	at org.apache.axis.Message.getSOAPEnvelope(Message.java:435)
	at org.apache.axis.handlers.soap.MustUnderstandChecker.invoke(MustUnderstandChecker.java:62)
	at org.apache.axis.client.AxisClient.invoke(AxisClient.java:206)
	at org.apache.axis.client.Call.invokeEngine(Call.java:2784)
	at org.apache.axis.client.Call.invoke(Call.java:2767)
	at org.apache.axis.client.Call.invoke(Call.java:2443)
	at org.apache.axis.client.Call.invoke(Call.java:2366)
	at org.apache.axis.client.Call.invoke(Call.java:1812)
	at com.sforce.soap.partner.SoapBindingStub.login(SoapBindingStub.java:2336)
	at com.force.service.ForceSessionManager.login(ForceSessionManager.java:134)
	at com.force.service.ForceSessionManager.loginHelper(ForceSessionManager.java:121)
	at com.force.service.ForceSessionManager.login(ForceSessionManager.java:67)
	at com.force.service.ForceService.&lt;init&gt;(ForceService.java:62)
	at com.force.service.ForceBean.&lt;init&gt;(ForceBean.java:75)
	at com.force.service.ForceDelegate.&lt;init&gt;(ForceDelegate.java:38)
	at com.force.service.ForceDelegate.login(ForceDelegate.java:50)
	at com.customcheckin.util.SalesforceConnection.init(SalesforceConnection.java:13)
	at com.customcheckin.service.salesforce.SalesforcePMOConnection.&lt;init&gt;(SalesforcePMOConnection.java:25)
	at com.customcheckin.service.salesforce.SalesforcePMOConnection.getInstance(SalesforcePMOConnection.java:30)
	at com.customcheckin.home.ui.PMOLoginController.handleLogin(PMOLoginController.java:47)
	at sun.reflect.NativeMethodAccessorImpl.invoke0(Native Method)
	at sun.reflect.NativeMethodAccessorImpl.invoke(Unknown Source)
	at sun.reflect.DelegatingMethodAccessorImpl.invoke(Unknown Source)
	at java.lang.reflect.Method.invoke(Unknown Source)
	at sun.reflect.misc.Trampoline.invoke(Unknown Source)
	at sun.reflect.GeneratedMethodAccessor1.invoke(Unknown Source)
	at sun.reflect.DelegatingMethodAccessorImpl.invoke(Unknown Source)
	at java.lang.reflect.Method.invoke(Unknown Source)
	at sun.reflect.misc.MethodUtil.invoke(Unknown Source)
	at javafx.fxml.FXMLLoader$MethodHandler.invoke(Unknown Source)
	at javafx.fxml.FXMLLoader$ControllerMethodEventHandler.handle(Unknown Source)
	at com.sun.javafx.event.CompositeEventHandler.dispatchBubblingEvent(Unknown Source)
	at com.sun.javafx.event.EventHandlerManager.dispatchBubblingEvent(Unknown Source)
	at com.sun.javafx.event.EventHandlerManager.dispatchBubblingEvent(Unknown Source)
	at com.sun.javafx.event.CompositeEventDispatcher.dispatchBubblingEvent(Unknown Source)
	at com.sun.javafx.event.BasicEventDispatcher.dispatchEvent(Unknown Source)
	at com.sun.javafx.event.EventDispatchChainImpl.dispatchEvent(Unknown Source)
	at com.sun.javafx.event.BasicEventDispatcher.dispatchEvent(Unknown Source)
	at com.sun.javafx.event.EventDispatchChainImpl.dispatchEvent(Unknown Source)
	at com.sun.javafx.event.BasicEventDispatcher.dispatchEvent(Unknown Source)
	at com.sun.javafx.event.EventDispatchChainImpl.dispatchEvent(Unknown Source)
	at com.sun.javafx.event.EventUtil.fireEventImpl(Unknown Source)
	at com.sun.javafx.event.EventUtil.fireEvent(Unknown Source)
	at javafx.event.Event.fireEvent(Unknown Source)
	at javafx.scene.Node.fireEvent(Unknown Source)
	at javafx.scene.control.Button.fire(Unknown Source)
	at com.sun.javafx.scene.control.behavior.ButtonBehavior.mouseReleased(Unknown Source)
	at com.sun.javafx.scene.control.skin.BehaviorSkinBase$1.handle(Unknown Source)
	at com.sun.javafx.scene.control.skin.BehaviorSkinBase$1.handle(Unknown Source)
	at com.sun.javafx.event.CompositeEventHandler$NormalEventHandlerRecord.handleBubblingEvent(Unknown Source)
	at com.sun.javafx.event.CompositeEventHandler.dispatchBubblingEvent(Unknown Source)
	at com.sun.javafx.event.EventHandlerManager.dispatchBubblingEvent(Unknown Source)
	at com.sun.javafx.event.EventHandlerManager.dispatchBubblingEvent(Unknown Source)
	at com.sun.javafx.event.CompositeEventDispatcher.dispatchBubblingEvent(Unknown Source)
	at com.sun.javafx.event.BasicEventDispatcher.dispatchEvent(Unknown Source)
	at com.sun.javafx.event.EventDispatchChainImpl.dispatchEvent(Unknown Source)
	at com.sun.javafx.event.BasicEventDispatcher.dispatchEvent(Unknown Source)
	at com.sun.javafx.event.EventDispatchChainImpl.dispatchEvent(Unknown Source)
	at com.sun.javafx.event.BasicEventDispatcher.dispatchEvent(Unknown Source)
	at com.sun.javafx.event.EventDispatchChainImpl.dispatchEvent(Unknown Source)
	at com.sun.javafx.event.EventUtil.fireEventImpl(Unknown Source)
	at com.sun.javafx.event.EventUtil.fireEvent(Unknown Source)
	at javafx.event.Event.fireEvent(Unknown Source)
	at javafx.scene.Scene$MouseHandler.process(Unknown Source)
	at javafx.scene.Scene$MouseHandler.access$1500(Unknown Source)
	at javafx.scene.Scene.impl_processMouseEvent(Unknown Source)
	at javafx.scene.Scene$ScenePeerListener.mouseEvent(Unknown Source)
	at com.sun.javafx.tk.quantum.GlassViewEventHandler$MouseEventNotification.run(Unknown Source)
	at com.sun.javafx.tk.quantum.GlassViewEventHandler$MouseEventNotification.run(Unknown Source)
	at java.security.AccessController.doPrivileged(Native Method)
	at com.sun.javafx.tk.quantum.GlassViewEventHandler.lambda$handleMouseEvent$354(Unknown Source)
	at com.sun.javafx.tk.quantum.QuantumToolkit.runWithoutRenderLock(Unknown Source)
	at com.sun.javafx.tk.quantum.GlassViewEventHandler.handleMouseEvent(Unknown Source)
	at com.sun.glass.ui.View.handleMouseEvent(Unknown Source)
	at com.sun.glass.ui.View.notifyMouse(Unknown Source)
	at com.sun.glass.ui.win.WinApplication._enterNestedEventLoopImpl(Native Method)
	at com.sun.glass.ui.win.WinApplication._enterNestedEventLoop(Unknown Source)
	at com.sun.glass.ui.Application.enterNestedEventLoop(Unknown Source)
	at com.sun.glass.ui.EventLoop.enter(Unknown Source)
	at com.sun.javafx.tk.quantum.QuantumToolkit.enterNestedEventLoop(Unknown Source)
	at javafx.stage.Stage.showAndWait(Unknown Source)
	at com.customcheckin.home.HomePage.showPMOLoginPage(HomePage.java:90)
	at com.customcheckin.home.HomePage.start(HomePage.java:38)
	at com.sun.javafx.application.LauncherImpl.lambda$launchApplication1$162(Unknown Source)
	at com.sun.javafx.application.PlatformImpl.lambda$runAndWait$175(Unknown Source)
	at com.sun.javafx.application.PlatformImpl.lambda$null$173(Unknown Source)
	at java.security.AccessController.doPrivileged(Native Method)
	at com.sun.javafx.application.PlatformImpl.lambda$runLater$174(Unknown Source)
	at com.sun.glass.ui.InvokeLaterDispatcher$Future.run(Unknown Source)
	at com.sun.glass.ui.win.WinApplication._runLoop(Native Method)
	at com.sun.glass.ui.win.WinApplication.lambda$null$148(Unknown Source)
	at java.lang.Thread.run(Unknown Source)

	{http://xml.apache.org/axis/}hostname:admin-PC

java.lang.NullPointerException
	at org.apache.axis.AxisFault.makeFault(AxisFault.java:101)
	at org.apache.axis.SOAPPart.getAsSOAPEnvelope(SOAPPart.java:701)
	at org.apache.axis.Message.getSOAPEnvelope(Message.java:435)
	at org.apache.axis.handlers.soap.MustUnderstandChecker.invoke(MustUnderstandChecker.java:62)
	at org.apache.axis.client.AxisClient.invoke(AxisClient.java:206)
	at org.apache.axis.client.Call.invokeEngine(Call.java:2784)
	at org.apache.axis.client.Call.invoke(Call.java:2767)
	at org.apache.axis.client.Call.invoke(Call.java:2443)
	at org.apache.axis.client.Call.invoke(Call.java:2366)
	at org.apache.axis.client.Call.invoke(Call.java:1812)
	at com.sforce.soap.partner.SoapBindingStub.login(SoapBindingStub.java:2336)
	at com.force.service.ForceSessionManager.login(ForceSessionManager.java:134)
	at com.force.service.ForceSessionManager.loginHelper(ForceSessionManager.java:121)
	at com.force.service.ForceSessionManager.login(ForceSessionManager.java:67)
	at com.force.service.ForceService.<init>(ForceService.java:62)
	at com.force.service.ForceBean.<init>(ForceBean.java:75)
	at com.force.service.ForceDelegate.<init>(ForceDelegate.java:38)
	at com.force.service.ForceDelegate.login(ForceDelegate.java:50)
	at com.customcheckin.util.SalesforceConnection.init(SalesforceConnection.java:13)
	at com.customcheckin.service.salesforce.SalesforcePMOConnection.<init>(SalesforcePMOConnection.java:25)
	at com.customcheckin.service.salesforce.SalesforcePMOConnection.getInstance(SalesforcePMOConnection.java:30)
	at com.customcheckin.home.ui.PMOLoginController.handleLogin(PMOLoginController.java:47)
	at sun.reflect.NativeMethodAccessorImpl.invoke0(Native Method)
	at sun.reflect.NativeMethodAccessorImpl.invoke(Unknown Source)
	at sun.reflect.DelegatingMethodAccessorImpl.invoke(Unknown Source)
	at java.lang.reflect.Method.invoke(Unknown Source)
	at sun.reflect.misc.Trampoline.invoke(Unknown Source)
	at sun.reflect.GeneratedMethodAccessor1.invoke(Unknown Source)
	at sun.reflect.DelegatingMethodAccessorImpl.invoke(Unknown Source)
	at java.lang.reflect.Method.invoke(Unknown Source)
	at sun.reflect.misc.MethodUtil.invoke(Unknown Source)
	at javafx.fxml.FXMLLoader$MethodHandler.invoke(Unknown Source)
	at javafx.fxml.FXMLLoader$ControllerMethodEventHandler.handle(Unknown Source)
	at com.sun.javafx.event.CompositeEventHandler.dispatchBubblingEvent(Unknown Source)
	at com.sun.javafx.event.EventHandlerManager.dispatchBubblingEvent(Unknown Source)
	at com.sun.javafx.event.EventHandlerManager.dispatchBubblingEvent(Unknown Source)
	at com.sun.javafx.event.CompositeEventDispatcher.dispatchBubblingEvent(Unknown Source)
	at com.sun.javafx.event.BasicEventDispatcher.dispatchEvent(Unknown Source)
	at com.sun.javafx.event.EventDispatchChainImpl.dispatchEvent(Unknown Source)
	at com.sun.javafx.event.BasicEventDispatcher.dispatchEvent(Unknown Source)
	at com.sun.javafx.event.EventDispatchChainImpl.dispatchEvent(Unknown Source)
	at com.sun.javafx.event.BasicEventDispatcher.dispatchEvent(Unknown Source)
	at com.sun.javafx.event.EventDispatchChainImpl.dispatchEvent(Unknown Source)
	at com.sun.javafx.event.EventUtil.fireEventImpl(Unknown Source)
	at com.sun.javafx.event.EventUtil.fireEvent(Unknown Source)
	at javafx.event.Event.fireEvent(Unknown Source)
	at javafx.scene.Node.fireEvent(Unknown Source)
	at javafx.scene.control.Button.fire(Unknown Source)
	at com.sun.javafx.scene.control.behavior.ButtonBehavior.mouseReleased(Unknown Source)
	at com.sun.javafx.scene.control.skin.BehaviorSkinBase$1.handle(Unknown Source)
	at com.sun.javafx.scene.control.skin.BehaviorSkinBase$1.handle(Unknown Source)
	at com.sun.javafx.event.CompositeEventHandler$NormalEventHandlerRecord.handleBubblingEvent(Unknown Source)
	at com.sun.javafx.event.CompositeEventHandler.dispatchBubblingEvent(Unknown Source)
	at com.sun.javafx.event.EventHandlerManager.dispatchBubblingEvent(Unknown Source)
	at com.sun.javafx.event.EventHandlerManager.dispatchBubblingEvent(Unknown Source)
	at com.sun.javafx.event.CompositeEventDispatcher.dispatchBubblingEvent(Unknown Source)
	at com.sun.javafx.event.BasicEventDispatcher.dispatchEvent(Unknown Source)
	at com.sun.javafx.event.EventDispatchChainImpl.dispatchEvent(Unknown Source)
	at com.sun.javafx.event.BasicEventDispatcher.dispatchEvent(Unknown Source)
	at com.sun.javafx.event.EventDispatchChainImpl.dispatchEvent(Unknown Source)
	at com.sun.javafx.event.BasicEventDispatcher.dispatchEvent(Unknown Source)
	at com.sun.javafx.event.EventDispatchChainImpl.dispatchEvent(Unknown Source)
	at com.sun.javafx.event.EventUtil.fireEventImpl(Unknown Source)
	at com.sun.javafx.event.EventUtil.fireEvent(Unknown Source)
	at javafx.event.Event.fireEvent(Unknown Source)
	at javafx.scene.Scene$MouseHandler.process(Unknown Source)
	at javafx.scene.Scene$MouseHandler.access$1500(Unknown Source)
	at javafx.scene.Scene.impl_processMouseEvent(Unknown Source)
	at javafx.scene.Scene$ScenePeerListener.mouseEvent(Unknown Source)
	at com.sun.javafx.tk.quantum.GlassViewEventHandler$MouseEventNotification.run(Unknown Source)
	at com.sun.javafx.tk.quantum.GlassViewEventHandler$MouseEventNotification.run(Unknown Source)
	at java.security.AccessController.doPrivileged(Native Method)
	at com.sun.javafx.tk.quantum.GlassViewEventHandler.lambda$handleMouseEvent$354(Unknown Source)
	at com.sun.javafx.tk.quantum.QuantumToolkit.runWithoutRenderLock(Unknown Source)
	at com.sun.javafx.tk.quantum.GlassViewEventHandler.handleMouseEvent(Unknown Source)
	at com.sun.glass.ui.View.handleMouseEvent(Unknown Source)
	at com.sun.glass.ui.View.notifyMouse(Unknown Source)
	at com.sun.glass.ui.win.WinApplication._enterNestedEventLoopImpl(Native Method)
	at com.sun.glass.ui.win.WinApplication._enterNestedEventLoop(Unknown Source)
	at com.sun.glass.ui.Application.enterNestedEventLoop(Unknown Source)
	at com.sun.glass.ui.EventLoop.enter(Unknown Source)
	at com.sun.javafx.tk.quantum.QuantumToolkit.enterNestedEventLoop(Unknown Source)
	at javafx.stage.Stage.showAndWait(Unknown Source)
	at com.customcheckin.home.HomePage.showPMOLoginPage(HomePage.java:90)
	at com.customcheckin.home.HomePage.start(HomePage.java:38)
	at com.sun.javafx.application.LauncherImpl.lambda$launchApplication1$162(Unknown Source)
	at com.sun.javafx.application.PlatformImpl.lambda$runAndWait$175(Unknown Source)
	at com.sun.javafx.application.PlatformImpl.lambda$null$173(Unknown Source)
	at java.security.AccessController.doPrivileged(Native Method)
	at com.sun.javafx.application.PlatformImpl.lambda$runLater$174(Unknown Source)
	at com.sun.glass.ui.InvokeLaterDispatcher$Future.run(Unknown Source)
	at com.sun.glass.ui.win.WinApplication._runLoop(Native Method)
	at com.sun.glass.ui.win.WinApplication.lambda$null$148(Unknown Source)
	at java.lang.Thread.run(Unknown Source)
Caused by: java.lang.NullPointerException
	at org.apache.axis.encoding.ser.EnumDeserializer.makeValue(EnumDeserializer.java:53)
	at org.apache.axis.encoding.ser.SimpleDeserializer.onEndElement(SimpleDeserializer.java:172)
	at org.apache.axis.encoding.DeserializerImpl.endElement(DeserializerImpl.java:502)
	at org.apache.axis.encoding.DeserializationContext.endElement(DeserializationContext.java:1087)
	at com.sun.org.apache.xerces.internal.parsers.AbstractSAXParser.endElement(Unknown Source)
	at com.sun.org.apache.xerces.internal.impl.XMLDocumentFragmentScannerImpl.scanEndElement(Unknown Source)
	at com.sun.org.apache.xerces.internal.impl.XMLDocumentFragmentScannerImpl$FragmentContentDriver.next(Unknown Source)
	at com.sun.org.apache.xerces.internal.impl.XMLDocumentScannerImpl.next(Unknown Source)
	at com.sun.org.apache.xerces.internal.impl.XMLNSDocumentScannerImpl.next(Unknown Source)
	at com.sun.org.apache.xerces.internal.impl.XMLDocumentFragmentScannerImpl.scanDocument(Unknown Source)
	at com.sun.org.apache.xerces.internal.parsers.XML11Configuration.parse(Unknown Source)
	at com.sun.org.apache.xerces.internal.parsers.XML11Configuration.parse(Unknown Source)
	at com.sun.org.apache.xerces.internal.parsers.XMLParser.parse(Unknown Source)
	at com.sun.org.apache.xerces.internal.parsers.AbstractSAXParser.parse(Unknown Source)
	at com.sun.org.apache.xerces.internal.jaxp.SAXParserImpl$JAXPSAXParser.parse(Unknown Source)
	at com.sun.org.apache.xerces.internal.jaxp.SAXParserImpl.parse(Unknown Source)
	at org.apache.axis.encoding.DeserializationContext.parse(DeserializationContext.java:227)
	at org.apache.axis.SOAPPart.getAsSOAPEnvelope(SOAPPart.java:696)
	... 92 more
18 Mar 2016, 21:24:30 INFO [GenericUtils.java:wait():69] - ForceSessionManager: currently waiting, next run time Fri Mar 18 21:24:37 IST 2016 (total wait: 7 seconds [0 mins])
18 Mar 2016, 21:24:41 ERROR [ForceSessionManager.java:login():152] - login failed using username: dgfgd, password: jhjh
AxisFault
 faultCode: {http://schemas.xmlsoap.org/soap/envelope/}Server.userException
 faultSubcode: 
 faultString: java.lang.NullPointerException
 faultActor: 
 faultNode: 
 faultDetail: 
	{http://xml.apache.org/axis/}stackTrace:java.lang.NullPointerException
	at org.apache.axis.encoding.ser.EnumDeserializer.makeValue(EnumDeserializer.java:53)
	at org.apache.axis.encoding.ser.SimpleDeserializer.onEndElement(SimpleDeserializer.java:172)
	at org.apache.axis.encoding.DeserializerImpl.endElement(DeserializerImpl.java:502)
	at org.apache.axis.encoding.DeserializationContext.endElement(DeserializationContext.java:1087)
	at com.sun.org.apache.xerces.internal.parsers.AbstractSAXParser.endElement(Unknown Source)
	at com.sun.org.apache.xerces.internal.impl.XMLDocumentFragmentScannerImpl.scanEndElement(Unknown Source)
	at com.sun.org.apache.xerces.internal.impl.XMLDocumentFragmentScannerImpl$FragmentContentDriver.next(Unknown Source)
	at com.sun.org.apache.xerces.internal.impl.XMLDocumentScannerImpl.next(Unknown Source)
	at com.sun.org.apache.xerces.internal.impl.XMLNSDocumentScannerImpl.next(Unknown Source)
	at com.sun.org.apache.xerces.internal.impl.XMLDocumentFragmentScannerImpl.scanDocument(Unknown Source)
	at com.sun.org.apache.xerces.internal.parsers.XML11Configuration.parse(Unknown Source)
	at com.sun.org.apache.xerces.internal.parsers.XML11Configuration.parse(Unknown Source)
	at com.sun.org.apache.xerces.internal.parsers.XMLParser.parse(Unknown Source)
	at com.sun.org.apache.xerces.internal.parsers.AbstractSAXParser.parse(Unknown Source)
	at com.sun.org.apache.xerces.internal.jaxp.SAXParserImpl$JAXPSAXParser.parse(Unknown Source)
	at com.sun.org.apache.xerces.internal.jaxp.SAXParserImpl.parse(Unknown Source)
	at org.apache.axis.encoding.DeserializationContext.parse(DeserializationContext.java:227)
	at org.apache.axis.SOAPPart.getAsSOAPEnvelope(SOAPPart.java:696)
	at org.apache.axis.Message.getSOAPEnvelope(Message.java:435)
	at org.apache.axis.handlers.soap.MustUnderstandChecker.invoke(MustUnderstandChecker.java:62)
	at org.apache.axis.client.AxisClient.invoke(AxisClient.java:206)
	at org.apache.axis.client.Call.invokeEngine(Call.java:2784)
	at org.apache.axis.client.Call.invoke(Call.java:2767)
	at org.apache.axis.client.Call.invoke(Call.java:2443)
	at org.apache.axis.client.Call.invoke(Call.java:2366)
	at org.apache.axis.client.Call.invoke(Call.java:1812)
	at com.sforce.soap.partner.SoapBindingStub.login(SoapBindingStub.java:2336)
	at com.force.service.ForceSessionManager.login(ForceSessionManager.java:134)
	at com.force.service.ForceSessionManager.loginHelper(ForceSessionManager.java:121)
	at com.force.service.ForceSessionManager.login(ForceSessionManager.java:67)
	at com.force.service.ForceService.&lt;init&gt;(ForceService.java:62)
	at com.force.service.ForceBean.&lt;init&gt;(ForceBean.java:75)
	at com.force.service.ForceDelegate.&lt;init&gt;(ForceDelegate.java:38)
	at com.force.service.ForceDelegate.login(ForceDelegate.java:50)
	at com.customcheckin.util.SalesforceConnection.init(SalesforceConnection.java:13)
	at com.customcheckin.service.salesforce.SalesforcePMOConnection.&lt;init&gt;(SalesforcePMOConnection.java:25)
	at com.customcheckin.service.salesforce.SalesforcePMOConnection.getInstance(SalesforcePMOConnection.java:30)
	at com.customcheckin.home.ui.PMOLoginController.handleLogin(PMOLoginController.java:47)
	at sun.reflect.NativeMethodAccessorImpl.invoke0(Native Method)
	at sun.reflect.NativeMethodAccessorImpl.invoke(Unknown Source)
	at sun.reflect.DelegatingMethodAccessorImpl.invoke(Unknown Source)
	at java.lang.reflect.Method.invoke(Unknown Source)
	at sun.reflect.misc.Trampoline.invoke(Unknown Source)
	at sun.reflect.GeneratedMethodAccessor1.invoke(Unknown Source)
	at sun.reflect.DelegatingMethodAccessorImpl.invoke(Unknown Source)
	at java.lang.reflect.Method.invoke(Unknown Source)
	at sun.reflect.misc.MethodUtil.invoke(Unknown Source)
	at javafx.fxml.FXMLLoader$MethodHandler.invoke(Unknown Source)
	at javafx.fxml.FXMLLoader$ControllerMethodEventHandler.handle(Unknown Source)
	at com.sun.javafx.event.CompositeEventHandler.dispatchBubblingEvent(Unknown Source)
	at com.sun.javafx.event.EventHandlerManager.dispatchBubblingEvent(Unknown Source)
	at com.sun.javafx.event.EventHandlerManager.dispatchBubblingEvent(Unknown Source)
	at com.sun.javafx.event.CompositeEventDispatcher.dispatchBubblingEvent(Unknown Source)
	at com.sun.javafx.event.BasicEventDispatcher.dispatchEvent(Unknown Source)
	at com.sun.javafx.event.EventDispatchChainImpl.dispatchEvent(Unknown Source)
	at com.sun.javafx.event.BasicEventDispatcher.dispatchEvent(Unknown Source)
	at com.sun.javafx.event.EventDispatchChainImpl.dispatchEvent(Unknown Source)
	at com.sun.javafx.event.BasicEventDispatcher.dispatchEvent(Unknown Source)
	at com.sun.javafx.event.EventDispatchChainImpl.dispatchEvent(Unknown Source)
	at com.sun.javafx.event.EventUtil.fireEventImpl(Unknown Source)
	at com.sun.javafx.event.EventUtil.fireEvent(Unknown Source)
	at javafx.event.Event.fireEvent(Unknown Source)
	at javafx.scene.Node.fireEvent(Unknown Source)
	at javafx.scene.control.Button.fire(Unknown Source)
	at com.sun.javafx.scene.control.behavior.ButtonBehavior.mouseReleased(Unknown Source)
	at com.sun.javafx.scene.control.skin.BehaviorSkinBase$1.handle(Unknown Source)
	at com.sun.javafx.scene.control.skin.BehaviorSkinBase$1.handle(Unknown Source)
	at com.sun.javafx.event.CompositeEventHandler$NormalEventHandlerRecord.handleBubblingEvent(Unknown Source)
	at com.sun.javafx.event.CompositeEventHandler.dispatchBubblingEvent(Unknown Source)
	at com.sun.javafx.event.EventHandlerManager.dispatchBubblingEvent(Unknown Source)
	at com.sun.javafx.event.EventHandlerManager.dispatchBubblingEvent(Unknown Source)
	at com.sun.javafx.event.CompositeEventDispatcher.dispatchBubblingEvent(Unknown Source)
	at com.sun.javafx.event.BasicEventDispatcher.dispatchEvent(Unknown Source)
	at com.sun.javafx.event.EventDispatchChainImpl.dispatchEvent(Unknown Source)
	at com.sun.javafx.event.BasicEventDispatcher.dispatchEvent(Unknown Source)
	at com.sun.javafx.event.EventDispatchChainImpl.dispatchEvent(Unknown Source)
	at com.sun.javafx.event.BasicEventDispatcher.dispatchEvent(Unknown Source)
	at com.sun.javafx.event.EventDispatchChainImpl.dispatchEvent(Unknown Source)
	at com.sun.javafx.event.EventUtil.fireEventImpl(Unknown Source)
	at com.sun.javafx.event.EventUtil.fireEvent(Unknown Source)
	at javafx.event.Event.fireEvent(Unknown Source)
	at javafx.scene.Scene$MouseHandler.process(Unknown Source)
	at javafx.scene.Scene$MouseHandler.access$1500(Unknown Source)
	at javafx.scene.Scene.impl_processMouseEvent(Unknown Source)
	at javafx.scene.Scene$ScenePeerListener.mouseEvent(Unknown Source)
	at com.sun.javafx.tk.quantum.GlassViewEventHandler$MouseEventNotification.run(Unknown Source)
	at com.sun.javafx.tk.quantum.GlassViewEventHandler$MouseEventNotification.run(Unknown Source)
	at java.security.AccessController.doPrivileged(Native Method)
	at com.sun.javafx.tk.quantum.GlassViewEventHandler.lambda$handleMouseEvent$354(Unknown Source)
	at com.sun.javafx.tk.quantum.QuantumToolkit.runWithoutRenderLock(Unknown Source)
	at com.sun.javafx.tk.quantum.GlassViewEventHandler.handleMouseEvent(Unknown Source)
	at com.sun.glass.ui.View.handleMouseEvent(Unknown Source)
	at com.sun.glass.ui.View.notifyMouse(Unknown Source)
	at com.sun.glass.ui.win.WinApplication._enterNestedEventLoopImpl(Native Method)
	at com.sun.glass.ui.win.WinApplication._enterNestedEventLoop(Unknown Source)
	at com.sun.glass.ui.Application.enterNestedEventLoop(Unknown Source)
	at com.sun.glass.ui.EventLoop.enter(Unknown Source)
	at com.sun.javafx.tk.quantum.QuantumToolkit.enterNestedEventLoop(Unknown Source)
	at javafx.stage.Stage.showAndWait(Unknown Source)
	at com.customcheckin.home.HomePage.showPMOLoginPage(HomePage.java:90)
	at com.customcheckin.home.HomePage.start(HomePage.java:38)
	at com.sun.javafx.application.LauncherImpl.lambda$launchApplication1$162(Unknown Source)
	at com.sun.javafx.application.PlatformImpl.lambda$runAndWait$175(Unknown Source)
	at com.sun.javafx.application.PlatformImpl.lambda$null$173(Unknown Source)
	at java.security.AccessController.doPrivileged(Native Method)
	at com.sun.javafx.application.PlatformImpl.lambda$runLater$174(Unknown Source)
	at com.sun.glass.ui.InvokeLaterDispatcher$Future.run(Unknown Source)
	at com.sun.glass.ui.win.WinApplication._runLoop(Native Method)
	at com.sun.glass.ui.win.WinApplication.lambda$null$148(Unknown Source)
	at java.lang.Thread.run(Unknown Source)

	{http://xml.apache.org/axis/}hostname:admin-PC

java.lang.NullPointerException
	at org.apache.axis.AxisFault.makeFault(AxisFault.java:101)
	at org.apache.axis.SOAPPart.getAsSOAPEnvelope(SOAPPart.java:701)
	at org.apache.axis.Message.getSOAPEnvelope(Message.java:435)
	at org.apache.axis.handlers.soap.MustUnderstandChecker.invoke(MustUnderstandChecker.java:62)
	at org.apache.axis.client.AxisClient.invoke(AxisClient.java:206)
	at org.apache.axis.client.Call.invokeEngine(Call.java:2784)
	at org.apache.axis.client.Call.invoke(Call.java:2767)
	at org.apache.axis.client.Call.invoke(Call.java:2443)
	at org.apache.axis.client.Call.invoke(Call.java:2366)
	at org.apache.axis.client.Call.invoke(Call.java:1812)
	at com.sforce.soap.partner.SoapBindingStub.login(SoapBindingStub.java:2336)
	at com.force.service.ForceSessionManager.login(ForceSessionManager.java:134)
	at com.force.service.ForceSessionManager.loginHelper(ForceSessionManager.java:121)
	at com.force.service.ForceSessionManager.login(ForceSessionManager.java:67)
	at com.force.service.ForceService.<init>(ForceService.java:62)
	at com.force.service.ForceBean.<init>(ForceBean.java:75)
	at com.force.service.ForceDelegate.<init>(ForceDelegate.java:38)
	at com.force.service.ForceDelegate.login(ForceDelegate.java:50)
	at com.customcheckin.util.SalesforceConnection.init(SalesforceConnection.java:13)
	at com.customcheckin.service.salesforce.SalesforcePMOConnection.<init>(SalesforcePMOConnection.java:25)
	at com.customcheckin.service.salesforce.SalesforcePMOConnection.getInstance(SalesforcePMOConnection.java:30)
	at com.customcheckin.home.ui.PMOLoginController.handleLogin(PMOLoginController.java:47)
	at sun.reflect.NativeMethodAccessorImpl.invoke0(Native Method)
	at sun.reflect.NativeMethodAccessorImpl.invoke(Unknown Source)
	at sun.reflect.DelegatingMethodAccessorImpl.invoke(Unknown Source)
	at java.lang.reflect.Method.invoke(Unknown Source)
	at sun.reflect.misc.Trampoline.invoke(Unknown Source)
	at sun.reflect.GeneratedMethodAccessor1.invoke(Unknown Source)
	at sun.reflect.DelegatingMethodAccessorImpl.invoke(Unknown Source)
	at java.lang.reflect.Method.invoke(Unknown Source)
	at sun.reflect.misc.MethodUtil.invoke(Unknown Source)
	at javafx.fxml.FXMLLoader$MethodHandler.invoke(Unknown Source)
	at javafx.fxml.FXMLLoader$ControllerMethodEventHandler.handle(Unknown Source)
	at com.sun.javafx.event.CompositeEventHandler.dispatchBubblingEvent(Unknown Source)
	at com.sun.javafx.event.EventHandlerManager.dispatchBubblingEvent(Unknown Source)
	at com.sun.javafx.event.EventHandlerManager.dispatchBubblingEvent(Unknown Source)
	at com.sun.javafx.event.CompositeEventDispatcher.dispatchBubblingEvent(Unknown Source)
	at com.sun.javafx.event.BasicEventDispatcher.dispatchEvent(Unknown Source)
	at com.sun.javafx.event.EventDispatchChainImpl.dispatchEvent(Unknown Source)
	at com.sun.javafx.event.BasicEventDispatcher.dispatchEvent(Unknown Source)
	at com.sun.javafx.event.EventDispatchChainImpl.dispatchEvent(Unknown Source)
	at com.sun.javafx.event.BasicEventDispatcher.dispatchEvent(Unknown Source)
	at com.sun.javafx.event.EventDispatchChainImpl.dispatchEvent(Unknown Source)
	at com.sun.javafx.event.EventUtil.fireEventImpl(Unknown Source)
	at com.sun.javafx.event.EventUtil.fireEvent(Unknown Source)
	at javafx.event.Event.fireEvent(Unknown Source)
	at javafx.scene.Node.fireEvent(Unknown Source)
	at javafx.scene.control.Button.fire(Unknown Source)
	at com.sun.javafx.scene.control.behavior.ButtonBehavior.mouseReleased(Unknown Source)
	at com.sun.javafx.scene.control.skin.BehaviorSkinBase$1.handle(Unknown Source)
	at com.sun.javafx.scene.control.skin.BehaviorSkinBase$1.handle(Unknown Source)
	at com.sun.javafx.event.CompositeEventHandler$NormalEventHandlerRecord.handleBubblingEvent(Unknown Source)
	at com.sun.javafx.event.CompositeEventHandler.dispatchBubblingEvent(Unknown Source)
	at com.sun.javafx.event.EventHandlerManager.dispatchBubblingEvent(Unknown Source)
	at com.sun.javafx.event.EventHandlerManager.dispatchBubblingEvent(Unknown Source)
	at com.sun.javafx.event.CompositeEventDispatcher.dispatchBubblingEvent(Unknown Source)
	at com.sun.javafx.event.BasicEventDispatcher.dispatchEvent(Unknown Source)
	at com.sun.javafx.event.EventDispatchChainImpl.dispatchEvent(Unknown Source)
	at com.sun.javafx.event.BasicEventDispatcher.dispatchEvent(Unknown Source)
	at com.sun.javafx.event.EventDispatchChainImpl.dispatchEvent(Unknown Source)
	at com.sun.javafx.event.BasicEventDispatcher.dispatchEvent(Unknown Source)
	at com.sun.javafx.event.EventDispatchChainImpl.dispatchEvent(Unknown Source)
	at com.sun.javafx.event.EventUtil.fireEventImpl(Unknown Source)
	at com.sun.javafx.event.EventUtil.fireEvent(Unknown Source)
	at javafx.event.Event.fireEvent(Unknown Source)
	at javafx.scene.Scene$MouseHandler.process(Unknown Source)
	at javafx.scene.Scene$MouseHandler.access$1500(Unknown Source)
	at javafx.scene.Scene.impl_processMouseEvent(Unknown Source)
	at javafx.scene.Scene$ScenePeerListener.mouseEvent(Unknown Source)
	at com.sun.javafx.tk.quantum.GlassViewEventHandler$MouseEventNotification.run(Unknown Source)
	at com.sun.javafx.tk.quantum.GlassViewEventHandler$MouseEventNotification.run(Unknown Source)
	at java.security.AccessController.doPrivileged(Native Method)
	at com.sun.javafx.tk.quantum.GlassViewEventHandler.lambda$handleMouseEvent$354(Unknown Source)
	at com.sun.javafx.tk.quantum.QuantumToolkit.runWithoutRenderLock(Unknown Source)
	at com.sun.javafx.tk.quantum.GlassViewEventHandler.handleMouseEvent(Unknown Source)
	at com.sun.glass.ui.View.handleMouseEvent(Unknown Source)
	at com.sun.glass.ui.View.notifyMouse(Unknown Source)
	at com.sun.glass.ui.win.WinApplication._enterNestedEventLoopImpl(Native Method)
	at com.sun.glass.ui.win.WinApplication._enterNestedEventLoop(Unknown Source)
	at com.sun.glass.ui.Application.enterNestedEventLoop(Unknown Source)
	at com.sun.glass.ui.EventLoop.enter(Unknown Source)
	at com.sun.javafx.tk.quantum.QuantumToolkit.enterNestedEventLoop(Unknown Source)
	at javafx.stage.Stage.showAndWait(Unknown Source)
	at com.customcheckin.home.HomePage.showPMOLoginPage(HomePage.java:90)
	at com.customcheckin.home.HomePage.start(HomePage.java:38)
	at com.sun.javafx.application.LauncherImpl.lambda$launchApplication1$162(Unknown Source)
	at com.sun.javafx.application.PlatformImpl.lambda$runAndWait$175(Unknown Source)
	at com.sun.javafx.application.PlatformImpl.lambda$null$173(Unknown Source)
	at java.security.AccessController.doPrivileged(Native Method)
	at com.sun.javafx.application.PlatformImpl.lambda$runLater$174(Unknown Source)
	at com.sun.glass.ui.InvokeLaterDispatcher$Future.run(Unknown Source)
	at com.sun.glass.ui.win.WinApplication._runLoop(Native Method)
	at com.sun.glass.ui.win.WinApplication.lambda$null$148(Unknown Source)
	at java.lang.Thread.run(Unknown Source)
Caused by: java.lang.NullPointerException
	at org.apache.axis.encoding.ser.EnumDeserializer.makeValue(EnumDeserializer.java:53)
	at org.apache.axis.encoding.ser.SimpleDeserializer.onEndElement(SimpleDeserializer.java:172)
	at org.apache.axis.encoding.DeserializerImpl.endElement(DeserializerImpl.java:502)
	at org.apache.axis.encoding.DeserializationContext.endElement(DeserializationContext.java:1087)
	at com.sun.org.apache.xerces.internal.parsers.AbstractSAXParser.endElement(Unknown Source)
	at com.sun.org.apache.xerces.internal.impl.XMLDocumentFragmentScannerImpl.scanEndElement(Unknown Source)
	at com.sun.org.apache.xerces.internal.impl.XMLDocumentFragmentScannerImpl$FragmentContentDriver.next(Unknown Source)
	at com.sun.org.apache.xerces.internal.impl.XMLDocumentScannerImpl.next(Unknown Source)
	at com.sun.org.apache.xerces.internal.impl.XMLNSDocumentScannerImpl.next(Unknown Source)
	at com.sun.org.apache.xerces.internal.impl.XMLDocumentFragmentScannerImpl.scanDocument(Unknown Source)
	at com.sun.org.apache.xerces.internal.parsers.XML11Configuration.parse(Unknown Source)
	at com.sun.org.apache.xerces.internal.parsers.XML11Configuration.parse(Unknown Source)
	at com.sun.org.apache.xerces.internal.parsers.XMLParser.parse(Unknown Source)
	at com.sun.org.apache.xerces.internal.parsers.AbstractSAXParser.parse(Unknown Source)
	at com.sun.org.apache.xerces.internal.jaxp.SAXParserImpl$JAXPSAXParser.parse(Unknown Source)
	at com.sun.org.apache.xerces.internal.jaxp.SAXParserImpl.parse(Unknown Source)
	at org.apache.axis.encoding.DeserializationContext.parse(DeserializationContext.java:227)
	at org.apache.axis.SOAPPart.getAsSOAPEnvelope(SOAPPart.java:696)
	... 92 more
18 Mar 2016, 21:24:41 INFO [GenericUtils.java:wait():69] - ForceSessionManager: currently waiting, next run time Fri Mar 18 21:24:48 IST 2016 (total wait: 7 seconds [0 mins])
18 Mar 2016, 21:24:48 ERROR [ForceSessionManager.java:login():77] - Exception ID: 0318212448965$-1435494128

Exception Message: 
java.lang.NullPointerException

Cause: 
java.lang.NullPointerException

Stack Trace: 
com.force.service.ForceSessionManager.login(ForceSessionManager.java:157)
com.force.service.ForceSessionManager.loginHelper(ForceSessionManager.java:121)
com.force.service.ForceSessionManager.login(ForceSessionManager.java:67)
com.force.service.ForceService.<init>(ForceService.java:62)
com.force.service.ForceBean.<init>(ForceBean.java:75)
com.force.service.ForceDelegate.<init>(ForceDelegate.java:38)
com.force.service.ForceDelegate.login(ForceDelegate.java:50)
com.customcheckin.util.SalesforceConnection.init(SalesforceConnection.java:13)
com.customcheckin.service.salesforce.SalesforcePMOConnection.<init>(SalesforcePMOConnection.java:25)
com.customcheckin.service.salesforce.SalesforcePMOConnection.getInstance(SalesforcePMOConnection.java:30)
com.customcheckin.home.ui.PMOLoginController.handleLogin(PMOLoginController.java:47)
sun.reflect.NativeMethodAccessorImpl.invoke0(Native Method)
sun.reflect.NativeMethodAccessorImpl.invoke(Unknown Source)
sun.reflect.DelegatingMethodAccessorImpl.invoke(Unknown Source)
java.lang.reflect.Method.invoke(Unknown Source)
sun.reflect.misc.Trampoline.invoke(Unknown Source)
sun.reflect.GeneratedMethodAccessor1.invoke(Unknown Source)
sun.reflect.DelegatingMethodAccessorImpl.invoke(Unknown Source)
java.lang.reflect.Method.invoke(Unknown Source)
sun.reflect.misc.MethodUtil.invoke(Unknown Source)
javafx.fxml.FXMLLoader$MethodHandler.invoke(Unknown Source)
javafx.fxml.FXMLLoader$ControllerMethodEventHandler.handle(Unknown Source)
com.sun.javafx.event.CompositeEventHandler.dispatchBubblingEvent(Unknown Source)
com.sun.javafx.event.EventHandlerManager.dispatchBubblingEvent(Unknown Source)
com.sun.javafx.event.EventHandlerManager.dispatchBubblingEvent(Unknown Source)
com.sun.javafx.event.CompositeEventDispatcher.dispatchBubblingEvent(Unknown Source)
com.sun.javafx.event.BasicEventDispatcher.dispatchEvent(Unknown Source)
com.sun.javafx.event.EventDispatchChainImpl.dispatchEvent(Unknown Source)
com.sun.javafx.event.BasicEventDispatcher.dispatchEvent(Unknown Source)
com.sun.javafx.event.EventDispatchChainImpl.dispatchEvent(Unknown Source)
com.sun.javafx.event.BasicEventDispatcher.dispatchEvent(Unknown Source)
com.sun.javafx.event.EventDispatchChainImpl.dispatchEvent(Unknown Source)
com.sun.javafx.event.EventUtil.fireEventImpl(Unknown Source)
com.sun.javafx.event.EventUtil.fireEvent(Unknown Source)
javafx.event.Event.fireEvent(Unknown Source)
javafx.scene.Node.fireEvent(Unknown Source)
javafx.scene.control.Button.fire(Unknown Source)
com.sun.javafx.scene.control.behavior.ButtonBehavior.mouseReleased(Unknown Source)
com.sun.javafx.scene.control.skin.BehaviorSkinBase$1.handle(Unknown Source)
com.sun.javafx.scene.control.skin.BehaviorSkinBase$1.handle(Unknown Source)
com.sun.javafx.event.CompositeEventHandler$NormalEventHandlerRecord.handleBubblingEvent(Unknown Source)
com.sun.javafx.event.CompositeEventHandler.dispatchBubblingEvent(Unknown Source)
com.sun.javafx.event.EventHandlerManager.dispatchBubblingEvent(Unknown Source)
com.sun.javafx.event.EventHandlerManager.dispatchBubblingEvent(Unknown Source)
com.sun.javafx.event.CompositeEventDispatcher.dispatchBubblingEvent(Unknown Source)
com.sun.javafx.event.BasicEventDispatcher.dispatchEvent(Unknown Source)
com.sun.javafx.event.EventDispatchChainImpl.dispatchEvent(Unknown Source)
com.sun.javafx.event.BasicEventDispatcher.dispatchEvent(Unknown Source)
com.sun.javafx.event.EventDispatchChainImpl.dispatchEvent(Unknown Source)
com.sun.javafx.event.BasicEventDispatcher.dispatchEvent(Unknown Source)
com.sun.javafx.event.EventDispatchChainImpl.dispatchEvent(Unknown Source)
com.sun.javafx.event.EventUtil.fireEventImpl(Unknown Source)
com.sun.javafx.event.EventUtil.fireEvent(Unknown Source)
javafx.event.Event.fireEvent(Unknown Source)
javafx.scene.Scene$MouseHandler.process(Unknown Source)
javafx.scene.Scene$MouseHandler.access$1500(Unknown Source)
javafx.scene.Scene.impl_processMouseEvent(Unknown Source)
javafx.scene.Scene$ScenePeerListener.mouseEvent(Unknown Source)
com.sun.javafx.tk.quantum.GlassViewEventHandler$MouseEventNotification.run(Unknown Source)
com.sun.javafx.tk.quantum.GlassViewEventHandler$MouseEventNotification.run(Unknown Source)
java.security.AccessController.doPrivileged(Native Method)
com.sun.javafx.tk.quantum.GlassViewEventHandler.lambda$handleMouseEvent$354(Unknown Source)
com.sun.javafx.tk.quantum.QuantumToolkit.runWithoutRenderLock(Unknown Source)
com.sun.javafx.tk.quantum.GlassViewEventHandler.handleMouseEvent(Unknown Source)
com.sun.glass.ui.View.handleMouseEvent(Unknown Source)
com.sun.glass.ui.View.notifyMouse(Unknown Source)
com.sun.glass.ui.win.WinApplication._enterNestedEventLoopImpl(Native Method)
com.sun.glass.ui.win.WinApplication._enterNestedEventLoop(Unknown Source)
com.sun.glass.ui.Application.enterNestedEventLoop(Unknown Source)
com.sun.glass.ui.EventLoop.enter(Unknown Source)
com.sun.javafx.tk.quantum.QuantumToolkit.enterNestedEventLoop(Unknown Source)
javafx.stage.Stage.showAndWait(Unknown Source)
com.customcheckin.home.HomePage.showPMOLoginPage(HomePage.java:90)
com.customcheckin.home.HomePage.start(HomePage.java:38)
com.sun.javafx.application.LauncherImpl.lambda$launchApplication1$162(Unknown Source)
com.sun.javafx.application.PlatformImpl.lambda$runAndWait$175(Unknown Source)
com.sun.javafx.application.PlatformImpl.lambda$null$173(Unknown Source)
java.security.AccessController.doPrivileged(Native Method)
com.sun.javafx.application.PlatformImpl.lambda$runLater$174(Unknown Source)
com.sun.glass.ui.InvokeLaterDispatcher$Future.run(Unknown Source)
com.sun.glass.ui.win.WinApplication._runLoop(Native Method)
com.sun.glass.ui.win.WinApplication.lambda$null$148(Unknown Source)
java.lang.Thread.run(Unknown Source)
18 Mar 2016, 21:25:40 WARN [JavaUtils.java:isAttachmentSupported():1308] - Unable to find required classes (javax.activation.DataHandler and javax.mail.internet.MimeMultipart). Attachment support is disabled.
18 Mar 2016, 21:25:45 INFO [ForceSessionManager.java:login():135] - ForceSessionManager login successful for salesforce; User: shah@force.pmo; SessionId: 00DG0000000kMVy!ARUAQLIgPZ7zlMPCdKLae.HibJFAHk1oObinI7dYuT8ZuuE6MLB_mgdiV7sM8UHmg.wfE0W1.4Raj1kTDsU61E.1h2zUkIh1
